[07-Mar-2020 00:18:12 UTC] PHP Notice:  Undefined index: post_content,    in /var/www/html/Agencia-Fazer/Brasos/content/themes/brasos/template-articles.php on line 32
[07-Mar-2020 01:13:23 UTC] PHP Notice:  Undefined index: post_content,    in /var/www/html/Agencia-Fazer/Brasos/content/themes/brasos/template-articles.php on line 32
[08-Mar-2020 02:29:36 UTC] PHP Notice:  Undefined index: post_content,    in /var/www/html/Agencia-Fazer/Brasos/content/themes/brasos/template-articles.php on line 32
[08-Mar-2020 02:29:39 UTC] PHP Notice:  Undefined index: post_content,    in /var/www/html/Agencia-Fazer/Brasos/content/themes/brasos/template-articles.php on line 32
[08-Mar-2020 02:42:05 UTC] PHP Notice:  Undefined index: post_content,    in /var/www/html/Agencia-Fazer/Brasos/content/themes/brasos/template-news.php on line 31
[08-Mar-2020 05:34:27 UTC] PHP Notice:  Undefined index: post_content,    in /var/www/html/Agencia-Fazer/Brasos/content/themes/brasos/template-news.php on line 31
[08-Mar-2020 05:34:30 UTC] PHP Notice:  Undefined index: post_content,    in /var/www/html/Agencia-Fazer/Brasos/content/themes/brasos/template-news.php on line 31
[08-Mar-2020 05:34:31 UTC] PHP Notice:  Undefined index: post_content,    in /var/www/html/Agencia-Fazer/Brasos/content/themes/brasos/template-news.php on line 31
[08-Mar-2020 06:04:31 UTC] PHP Notice:  Undefined index: post_content,    in /var/www/html/Agencia-Fazer/Brasos/content/themes/brasos/template-news.php on line 31
[08-Mar-2020 06:05:51 UTC] PHP Notice:  Undefined index: post_content,    in /var/www/html/Agencia-Fazer/Brasos/content/themes/brasos/template-articles.php on line 30
[08-Mar-2020 06:05:57 UTC] PHP Notice:  Undefined index: post_content,    in /var/www/html/Agencia-Fazer/Brasos/content/themes/brasos/template-articles.php on line 30
[08-Mar-2020 06:06:17 UTC] PHP Notice:  Undefined index: post_content,    in /var/www/html/Agencia-Fazer/Brasos/content/themes/brasos/template-articles.php on line 30
[08-Mar-2020 06:07:22 UTC] PHP Notice:  Undefined index: post_content,    in /var/www/html/Agencia-Fazer/Brasos/content/themes/brasos/template-articles.php on line 30
[08-Mar-2020 06:07:52 UTC] PHP Notice:  Undefined index: post_content,    in /var/www/html/Agencia-Fazer/Brasos/content/themes/brasos/template-articles.php on line 30
[08-Mar-2020 06:08:19 UTC] PHP Notice:  Undefined index: post_content,    in /var/www/html/Agencia-Fazer/Brasos/content/themes/brasos/template-articles.php on line 30
[08-Mar-2020 06:08:44 UTC] PHP Notice:  Undefined index: post_content,    in /var/www/html/Agencia-Fazer/Brasos/content/themes/brasos/template-articles.php on line 30
[08-Mar-2020 06:09:08 UTC] PHP Notice:  Undefined index: post_content,    in /var/www/html/Agencia-Fazer/Brasos/content/themes/brasos/template-news.php on line 31
[08-Mar-2020 06:09:36 UTC] PHP Notice:  Undefined index: post_content,    in /var/www/html/Agencia-Fazer/Brasos/content/themes/brasos/template-news.php on line 31
[08-Mar-2020 06:11:10 UTC] PHP Notice:  Undefined index: post_content,    in /var/www/html/Agencia-Fazer/Brasos/content/themes/brasos/template-articles.php on line 30
[08-Mar-2020 06:11:15 UTC] PHP Notice:  Undefined index: post_content,    in /var/www/html/Agencia-Fazer/Brasos/content/themes/brasos/template-news.php on line 31
[08-Mar-2020 06:11:39 UTC] PHP Notice:  Undefined index: post_content,    in /var/www/html/Agencia-Fazer/Brasos/content/themes/brasos/template-news.php on line 31
[08-Mar-2020 06:12:02 UTC] PHP Notice:  Undefined index: post_content,    in /var/www/html/Agencia-Fazer/Brasos/content/themes/brasos/template-news.php on line 31
[08-Mar-2020 06:12:06 UTC] PHP Notice:  Undefined index: post_content,    in /var/www/html/Agencia-Fazer/Brasos/content/themes/brasos/template-news.php on line 31
[08-Mar-2020 07:00:15 UTC] PHP Notice:  Undefined index: post_content,    in /var/www/html/Agencia-Fazer/Brasos/content/themes/brasos/template-articles.php on line 30
[08-Mar-2020 07:00:24 UTC] PHP Notice:  Undefined index: post_content,    in /var/www/html/Agencia-Fazer/Brasos/content/themes/brasos/template-articles.php on line 30
[08-Mar-2020 09:57:45 UTC] PHP Parse error:  syntax error, unexpected '?>' in /var/www/html/Agencia-Fazer/Brasos/content/themes/brasos/template-parts/home/home-carousel.php on line 7
[08-Mar-2020 09:57:48 UTC] PHP Parse error:  syntax error, unexpected '?>' in /var/www/html/Agencia-Fazer/Brasos/content/themes/brasos/template-parts/home/home-carousel.php on line 7
[08-Mar-2020 15:33:17 UTC] PHP Notice:  Undefined index: post_content,    in /var/www/html/Agencia-Fazer/Brasos/content/themes/brasos/template-news.php on line 31
[08-Mar-2020 15:47:35 UTC] PHP Notice:  Undefined variable: noticeClass in /var/www/html/Agencia-Fazer/Brasos/content/plugins/wp-advanced-search/WP-Advanced-Search-ImportExport.php on line 152
[08-Mar-2020 15:47:35 UTC] PHP Notice:  Undefined variable: message in /var/www/html/Agencia-Fazer/Brasos/content/plugins/wp-advanced-search/WP-Advanced-Search-ImportExport.php on line 153
[08-Mar-2020 15:49:45 UTC] PHP Notice:  Undefined variable: noticeClass in /var/www/html/Agencia-Fazer/Brasos/content/plugins/wp-advanced-search/WP-Advanced-Search-ImportExport.php on line 152
[08-Mar-2020 15:49:45 UTC] PHP Notice:  Undefined variable: message in /var/www/html/Agencia-Fazer/Brasos/content/plugins/wp-advanced-search/WP-Advanced-Search-ImportExport.php on line 153
[08-Mar-2020 15:51:36 UTC] PHP Notice:  Undefined variable: noticeClass in /var/www/html/Agencia-Fazer/Brasos/content/plugins/wp-advanced-search/WP-Advanced-Search-ImportExport.php on line 152
[08-Mar-2020 15:51:36 UTC] PHP Notice:  Undefined variable: message in /var/www/html/Agencia-Fazer/Brasos/content/plugins/wp-advanced-search/WP-Advanced-Search-ImportExport.php on line 153
[08-Mar-2020 16:01:42 UTC] PHP Notice:  Undefined variable: noticeClass in /var/www/html/Agencia-Fazer/Brasos/content/plugins/wp-advanced-search/WP-Advanced-Search-ImportExport.php on line 152
[08-Mar-2020 16:01:42 UTC] PHP Notice:  Undefined variable: message in /var/www/html/Agencia-Fazer/Brasos/content/plugins/wp-advanced-search/WP-Advanced-Search-ImportExport.php on line 153
[08-Mar-2020 16:29:29 UTC] PHP Notice:  Undefined index: post_content,    in /var/www/html/Agencia-Fazer/Brasos/content/themes/brasos/template-news.php on line 31
[08-Mar-2020 16:29:41 UTC] PHP Notice:  Undefined index: post_content,    in /var/www/html/Agencia-Fazer/Brasos/content/themes/brasos/template-news.php on line 31
[08-Mar-2020 16:30:17 UTC] PHP Notice:  Undefined index: post_content,    in /var/www/html/Agencia-Fazer/Brasos/content/themes/brasos/template-articles.php on line 30
[08-Mar-2020 18:19:25 UTC] PHP Notice:  Undefined index: post_content,    in /var/www/html/Agencia-Fazer/Brasos/content/themes/brasos/template-articles.php on line 30
[08-Mar-2020 18:20:11 UTC] PHP Notice:  Undefined index: post_content,    in /var/www/html/Agencia-Fazer/Brasos/content/themes/brasos/template-articles.php on line 30
[08-Mar-2020 18:20:29 UTC] PHP Notice:  Undefined index: post_content,    in /var/www/html/Agencia-Fazer/Brasos/content/themes/brasos/template-articles.php on line 30
[08-Mar-2020 18:34:01 UTC] PHP Warning:  An unexpected error occurred. Something may be wrong with WordPress.org or this server&#8217;s configuration. If you continue to have problems, please try the <a href="https://wordpress.org/support/forums/">support forums</a>. (WordPress could not establish a secure connection to WordPress.org. Please contact your server administrator.) in /var/www/html/Agencia-Fazer/Brasos/wp/wp-admin/includes/translation-install.php on line 67
