06-25-2021 @ 04:14:46 - Requesting session ID...
06-25-2021 @ 04:14:48 - PagSeguro session is valid! The return is: SimpleXMLElement Object
(
    [id] => 3cf5b7b7e30a456b87144aab4cb7ddba
)

06-25-2021 @ 04:19:07 - Requesting session ID...
06-25-2021 @ 04:19:08 - PagSeguro session is valid! The return is: SimpleXMLElement Object
(
    [id] => ee4f81e5109e4f6297c7d4606a720aa9
)

06-25-2021 @ 04:20:25 - Requesting session ID...
06-25-2021 @ 04:20:26 - PagSeguro session is valid! The return is: SimpleXMLElement Object
(
    [id] => 922b27188647492da1d570c877217e9e
)

06-25-2021 @ 04:20:57 - Requesting session ID...
06-25-2021 @ 04:20:58 - PagSeguro session is valid! The return is: SimpleXMLElement Object
(
    [id] => ed3702a33326400a9e4f43fddb35c69e
)

06-25-2021 @ 04:21:20 - Requesting session ID...
06-25-2021 @ 04:21:21 - PagSeguro session is valid! The return is: SimpleXMLElement Object
(
    [id] => d3959c6d42c14920aba9a58d6a8b0a52
)

06-25-2021 @ 04:25:55 - Requesting session ID...
06-25-2021 @ 04:25:56 - PagSeguro session is valid! The return is: SimpleXMLElement Object
(
    [id] => de81b3ccdade477fbd8c5268f4957681
)

06-25-2021 @ 04:26:16 - Requesting session ID...
06-25-2021 @ 04:26:16 - PagSeguro session is valid! The return is: SimpleXMLElement Object
(
    [id] => 76e380755a06486690452f3e7b0e36df
)

