11-05-2021 @ 07:26:52 - Requesting session ID...
11-05-2021 @ 07:26:54 - PagSeguro session is valid! The return is: SimpleXMLElement Object
(
    [id] => 8c076aa4ff2a4bdf9261252e4a4c9e33
)

11-05-2021 @ 07:27:05 - Requesting direct payment for order 3969 with the following data: <?xml version="1.0" encoding="UTF-8" standalone="yes"?>
<payment>
  <mode>default</mode>
  <method>eft</method>
  <currency>BRL</currency>
  <notificationURL><![CDATA[http://localhost/Wordpress/Brasos/wc-api/WC_PagSeguro_Gateway/]]></notificationURL>
  <items>
    <item>
      <id>1</id>
      <description><![CDATA[Médicos]]></description>
      <amount>160.00</amount>
      <quantity>1</quantity>
    </item>
  </items>
  <reference><![CDATA[WC-3969]]></reference>
  <sender>
    <email><![CDATA[c50827929427530012794@sandbox.pagseguro.com.br]]></email>
    <documents>
      <document>
        <type>CPF</type>
        <value>35734165867</value>
      </document>
    </documents>
    <name><![CDATA[Claudio Silva]]></name>
    <phone>
      <areaCode>11</areaCode>
      <number>945859677</number>
    </phone>
    <hash>f5d5df44ea798d40cdfc124eaa73624c5c75c1c5159fc1deb099d93458ab32da</hash>
  </sender>
  <shipping>
    <type>3</type>
    <address>
      <street><![CDATA[Rua Maia]]></street>
      <number>340</number>
      <district><![CDATA[Gonzaga]]></district>
      <postalCode>08744111</postalCode>
      <city><![CDATA[Jaçana]]></city>
      <state>SP</state>
      <country>BRA</country>
    </address>
    <cost>0</cost>
  </shipping>
  <bank>
    <name>bradesco</name>
  </bank>
</payment>

11-05-2021 @ 07:27:09 - PagSeguro direct payment created successfully!
11-05-2021 @ 07:27:09 - PagSeguro payment status for order 3969 is: 1
