07-01-2021 @ 04:27:30 - Requesting session ID...
07-01-2021 @ 04:27:32 - PagSeguro session is valid! The return is: SimpleXMLElement Object
(
    [id] => a51554cd788d49a8b15f5d2356aaadc6
)

07-01-2021 @ 04:28:47 - Requesting session ID...
07-01-2021 @ 04:28:48 - PagSeguro session is valid! The return is: SimpleXMLElement Object
(
    [id] => 86850d3f56324703b5f42224344c9c6c
)

07-01-2021 @ 04:32:55 - Requesting session ID...
07-01-2021 @ 04:32:56 - PagSeguro session is valid! The return is: SimpleXMLElement Object
(
    [id] => 87b5943a924e42a2aab99545dbe8425d
)

07-01-2021 @ 04:37:22 - Requesting session ID...
07-01-2021 @ 04:37:24 - PagSeguro session is valid! The return is: SimpleXMLElement Object
(
    [id] => 330de06433dd4ce7ab3746afce720271
)

07-01-2021 @ 04:40:09 - Requesting session ID...
07-01-2021 @ 04:40:10 - PagSeguro session is valid! The return is: SimpleXMLElement Object
(
    [id] => 791fdb8244dc4f119e634475cbf57b59
)

07-01-2021 @ 05:17:10 - Requesting session ID...
07-01-2021 @ 05:17:11 - PagSeguro session is valid! The return is: SimpleXMLElement Object
(
    [id] => 065f4ec4ce3348f3a18863d77a31bee8
)

07-01-2021 @ 05:18:25 - Requesting session ID...
07-01-2021 @ 05:18:26 - PagSeguro session is valid! The return is: SimpleXMLElement Object
(
    [id] => 1d8bc1cb75704fc89de5b0ed066fa03e
)

07-01-2021 @ 05:39:04 - Requesting session ID...
07-01-2021 @ 05:39:05 - PagSeguro session is valid! The return is: SimpleXMLElement Object
(
    [id] => 0b9b1b84724449c79ae9f1ce9474cd5b
)

07-01-2021 @ 05:39:40 - Requesting session ID...
07-01-2021 @ 05:39:40 - PagSeguro session is valid! The return is: SimpleXMLElement Object
(
    [id] => 0df7582093fd4be9b47546dc6825e469
)

07-01-2021 @ 05:58:27 - Requesting session ID...
07-01-2021 @ 05:58:28 - PagSeguro session is valid! The return is: SimpleXMLElement Object
(
    [id] => 2c538f66b63c458fbd0c85cce7dbe2f6
)

07-01-2021 @ 05:58:41 - Requesting session ID...
07-01-2021 @ 05:58:42 - PagSeguro session is valid! The return is: SimpleXMLElement Object
(
    [id] => 1e59d819f7e84b00b3bdcaa8ffbe19ab
)

07-01-2021 @ 06:01:22 - Requesting session ID...
07-01-2021 @ 06:01:23 - PagSeguro session is valid! The return is: SimpleXMLElement Object
(
    [id] => fa5d28901f1541e5b8ec26aef4560a52
)

07-01-2021 @ 06:02:31 - Requesting session ID...
07-01-2021 @ 06:02:32 - PagSeguro session is valid! The return is: SimpleXMLElement Object
(
    [id] => ba912d16f765457ba4c141584951fb69
)

07-01-2021 @ 06:22:50 - Requesting session ID...
07-01-2021 @ 06:22:51 - PagSeguro session is valid! The return is: SimpleXMLElement Object
(
    [id] => fabd4debdece4ccaaa9d3665b842d0a6
)

07-01-2021 @ 06:53:50 - Requesting session ID...
07-01-2021 @ 06:53:51 - PagSeguro session is valid! The return is: SimpleXMLElement Object
(
    [id] => 51018044f90f48dfa5ee85d61d0659bd
)

07-01-2021 @ 07:10:49 - Requesting session ID...
07-01-2021 @ 07:10:50 - PagSeguro session is valid! The return is: SimpleXMLElement Object
(
    [id] => 9b0fdd14fd884096bc93a445360d9425
)

07-01-2021 @ 07:18:28 - Requesting session ID...
07-01-2021 @ 07:18:29 - PagSeguro session is valid! The return is: SimpleXMLElement Object
(
    [id] => 0a998ae39f5541deb508ae961e8281e1
)

07-01-2021 @ 10:05:31 - Requesting session ID...
07-01-2021 @ 10:05:33 - PagSeguro session is valid! The return is: SimpleXMLElement Object
(
    [id] => ff1525f2d0594b85878d4fb0ac9895a5
)

07-01-2021 @ 10:30:23 - Requesting session ID...
07-01-2021 @ 10:30:24 - PagSeguro session is valid! The return is: SimpleXMLElement Object
(
    [id] => 19753a2c467f419e8ae4590cd52272d0
)

07-01-2021 @ 10:30:53 - Requesting session ID...
07-01-2021 @ 10:30:54 - PagSeguro session is valid! The return is: SimpleXMLElement Object
(
    [id] => 093d19d7a8c24e3aa5491933c85e7783
)

07-01-2021 @ 10:31:38 - Requesting session ID...
07-01-2021 @ 10:31:39 - PagSeguro session is valid! The return is: SimpleXMLElement Object
(
    [id] => 6fd53195cb5a4f4c92ca46699e8df2c1
)

07-01-2021 @ 10:32:07 - Requesting session ID...
07-01-2021 @ 10:32:08 - PagSeguro session is valid! The return is: SimpleXMLElement Object
(
    [id] => 0eafc953600f4b9489394b8d2e7a82d7
)

07-01-2021 @ 10:32:15 - Requesting session ID...
07-01-2021 @ 10:32:16 - PagSeguro session is valid! The return is: SimpleXMLElement Object
(
    [id] => 9365e10cf5974003b9860f56fc41ff63
)

07-01-2021 @ 10:33:48 - Requesting session ID...
07-01-2021 @ 10:33:50 - PagSeguro session is valid! The return is: SimpleXMLElement Object
(
    [id] => f855a0a1ca404c7a800b6c52b3f9dc06
)

