07-26-2021 @ 02:13:08 - Requesting session ID...
07-26-2021 @ 02:13:10 - PagSeguro session is valid! The return is: SimpleXMLElement Object
(
    [id] => 474b42a1b8f0403f929c393a2caa02fb
)

07-26-2021 @ 07:28:45 - Requesting session ID...
07-26-2021 @ 07:28:47 - PagSeguro session is valid! The return is: SimpleXMLElement Object
(
    [id] => dfd10a116b9b491082c64ca89884c118
)

07-26-2021 @ 07:34:40 - Requesting direct payment for order 3796 with the following data: <?xml version="1.0" encoding="UTF-8" standalone="yes"?>
<payment>
  <mode>default</mode>
  <method>creditCard</method>
  <currency>BRL</currency>
  <notificationURL><![CDATA[http://localhost/Wordpress/Brasos/wc-api/WC_PagSeguro_Gateway/]]></notificationURL>
  <items>
    <item>
      <id>1</id>
      <description><![CDATA[Alunos de Medicina e outras áreas da saúde]]></description>
      <amount>105.00</amount>
      <quantity>1</quantity>
    </item>
  </items>
  <reference><![CDATA[WC-3796]]></reference>
  <sender>
    <email><![CDATA[c50827929427530012794@sandbox.pagseguro.com.br]]></email>
    <documents>
      <document>
        <type>CPF</type>
        <value>35734165867</value>
      </document>
    </documents>
    <name><![CDATA[Helio Cruz]]></name>
    <phone>
      <areaCode>11</areaCode>
      <number>45875888</number>
    </phone>
    <hash>0f8509166429ccb91ad77faf3bcd636550d6a1588c06cb84b321c7d56e08ad30</hash>
  </sender>
  <shipping>
    <type>3</type>
    <address>
      <street><![CDATA[Rua da Gloria]]></street>
      <number>451</number>
      <district><![CDATA[Jardim Sonia]]></district>
      <postalCode>09860710</postalCode>
      <city><![CDATA[São Paulo]]></city>
      <state>SP</state>
      <country>BRA</country>
    </address>
    <cost>0</cost>
  </shipping>
  <creditCard>
    <token>c9bd836fd24b4c7a907fb1b07eeb72af</token>
    <installment>
      <quantity>1</quantity>
      <value>105.00</value>
    </installment>
    <holder>
      <name><![CDATA[Helio Cruz]]></name>
      <documents>
        <document>
          <type>CPF</type>
          <value>35734165867</value>
        </document>
      </documents>
      <birthDate>07/07/1985</birthDate>
      <phone>
        <areaCode>11</areaCode>
        <number>45875888</number>
      </phone>
    </holder>
    <billingAddress>
      <street><![CDATA[Rua da Gloria]]></street>
      <number>451</number>
      <district><![CDATA[Jardim Sonia]]></district>
      <city><![CDATA[São Paulo]]></city>
      <state>SP</state>
      <country>BRA</country>
      <postalCode>09860710</postalCode>
    </billingAddress>
  </creditCard>
</payment>

07-26-2021 @ 07:34:45 - PagSeguro direct payment created successfully!
07-26-2021 @ 07:34:45 - PagSeguro payment status for order 3796 is: 1
