07-16-2021 @ 06:10:48 - Requesting session ID...
07-16-2021 @ 06:10:50 - PagSeguro session is valid! The return is: SimpleXMLElement Object
(
    [id] => 4f9d794c149e4f2fb089857b03861670
)

07-16-2021 @ 06:25:33 - Requesting session ID...
07-16-2021 @ 06:25:34 - PagSeguro session is valid! The return is: SimpleXMLElement Object
(
    [id] => 34ffcce1d4a44ad59d9650a21b45abfd
)

07-16-2021 @ 06:26:58 - Requesting direct payment for order 3762 with the following data: <?xml version="1.0" encoding="UTF-8" standalone="yes"?>
<payment>
  <mode>default</mode>
  <method>creditCard</method>
  <currency>BRL</currency>
  <notificationURL><![CDATA[http://localhost/Wordpress/Brasos/wc-api/WC_PagSeguro_Gateway/]]></notificationURL>
  <items>
    <item>
      <id>1</id>
      <description><![CDATA[Médicos Residentes]]></description>
      <amount>160.00</amount>
      <quantity>2</quantity>
    </item>
  </items>
  <reference><![CDATA[WC-3762]]></reference>
  <sender>
    <email><![CDATA[c50827929427530012794@sandbox.pagseguro.com.br]]></email>
    <documents>
      <document>
        <type>CPF</type>
        <value>35734165867</value>
      </document>
    </documents>
    <name><![CDATA[Claudio Marques]]></name>
    <phone>
      <areaCode>11</areaCode>
      <number>945859677</number>
    </phone>
    <hash>94d55b6340853ef04f775b986f96695c89b32f41b65917d4ab0e73d3c33eb545</hash>
  </sender>
  <shipping>
    <type>3</type>
    <address>
      <street><![CDATA[Carlos Silva]]></street>
      <number>340</number>
      <district><![CDATA[Gonzaga]]></district>
      <postalCode>09990730</postalCode>
      <city><![CDATA[Jaçana]]></city>
      <state>SP</state>
      <country>BRA</country>
    </address>
    <cost>0</cost>
  </shipping>
  <creditCard>
    <token>b357c50747ad422b90051039750f3dd8</token>
    <installment>
      <quantity>1</quantity>
      <value>320.00</value>
    </installment>
    <holder>
      <name><![CDATA[Claudio Marques]]></name>
      <documents>
        <document>
          <type>CPF</type>
          <value>35734165867</value>
        </document>
      </documents>
      <birthDate>01/10/2000</birthDate>
      <phone>
        <areaCode>11</areaCode>
        <number>945859677</number>
      </phone>
    </holder>
    <billingAddress>
      <street><![CDATA[Carlos Silva]]></street>
      <number>340</number>
      <district><![CDATA[Gonzaga]]></district>
      <city><![CDATA[Jaçana]]></city>
      <state>SP</state>
      <country>BRA</country>
      <postalCode>09990730</postalCode>
    </billingAddress>
  </creditCard>
</payment>

07-16-2021 @ 06:27:02 - PagSeguro direct payment created successfully!
07-16-2021 @ 06:27:02 - PagSeguro payment status for order 3762 is: 1
07-16-2021 @ 06:42:16 - Requesting session ID...
07-16-2021 @ 06:42:18 - PagSeguro session is valid! The return is: SimpleXMLElement Object
(
    [id] => 5785b61abe65435e968131f610bfdc69
)

07-16-2021 @ 06:43:51 - Requesting direct payment for order 3763 with the following data: <?xml version="1.0" encoding="UTF-8" standalone="yes"?>
<payment>
  <mode>default</mode>
  <method>eft</method>
  <currency>BRL</currency>
  <notificationURL><![CDATA[http://localhost/Wordpress/Brasos/wc-api/WC_PagSeguro_Gateway/]]></notificationURL>
  <items>
    <item>
      <id>1</id>
      <description><![CDATA[Médicos e Outros Profissionais de Saúde]]></description>
      <amount>200.00</amount>
      <quantity>1</quantity>
    </item>
  </items>
  <reference><![CDATA[WC-3763]]></reference>
  <sender>
    <email><![CDATA[jackson@hotmail.com]]></email>
    <documents>
      <document>
        <type>CPF</type>
        <value>35734165867</value>
      </document>
    </documents>
    <name><![CDATA[Jackson Silva]]></name>
    <phone>
      <areaCode>11</areaCode>
      <number>12202244</number>
    </phone>
    <hash>076e380429b51c5400fbbf56b91aab9fcae234b557e0e9cd7bdf103e8dcfafff</hash>
  </sender>
  <shipping>
    <type>3</type>
    <address>
      <street><![CDATA[Rua Calcario]]></street>
      <number>10</number>
      <district><![CDATA[Jardim Silva]]></district>
      <postalCode>04304444</postalCode>
      <city><![CDATA[Sao Jacks]]></city>
      <state>SP</state>
      <country>BRA</country>
    </address>
    <cost>0</cost>
  </shipping>
  <bank>
    <name>bradesco</name>
  </bank>
</payment>

07-16-2021 @ 06:43:52 - An error occurred while generating the PagSeguro direct payment: Array
(
    [headers] => Requests_Utility_CaseInsensitiveDictionary Object
        (
            [data:protected] => Array
                (
                    [content-type] => application/xml;charset=ISO-8859-1
                    [content-length] => 226
                    [date] => Fri, 16 Jul 2021 09:43:51 GMT
                    [cache-control] => max-age=180
                    [expires] => Fri, 16 Jul 2021 09:46:51 GMT
                    [server] => Apache-Coyote/1.1
                    [vary] => Accept-Encoding,User-Agent
                    [x-cache] => Error from cloudfront
                    [via] => 1.1 730be2df670a5459f9c003b1710f56b2.cloudfront.net (CloudFront)
                    [x-amz-cf-pop] => CDG3-C1
                    [x-amz-cf-id] => 0o8qIudi8-huAa5-pWDkm4Isa0SgrjtrmUuKQQEL84mTtcv-9G-oqg==
                )

        )

    [body] => <?xml version="1.0" encoding="ISO-8859-1" standalone="yes"?><errors><error><code>53122</code><message>sender email invalid domain: jackson@hotmail.com. You must use an email @sandbox.pagseguro.com.br</message></error></errors>
    [response] => Array
        (
            [code] => 400
            [message] => Bad Request
        )

    [cookies] => Array
        (
        )

    [filename] => 
    [http_response] => WP_HTTP_Requests_Response Object
        (
            [response:protected] => Requests_Response Object
                (
                    [body] => <?xml version="1.0" encoding="ISO-8859-1" standalone="yes"?><errors><error><code>53122</code><message>sender email invalid domain: jackson@hotmail.com. You must use an email @sandbox.pagseguro.com.br</message></error></errors>
                    [raw] => HTTP/1.1 400 Bad Request
Content-Type: application/xml;charset=ISO-8859-1
Content-Length: 226
Connection: close
Date: Fri, 16 Jul 2021 09:43:51 GMT
Cache-Control: max-age=180
Expires: Fri, 16 Jul 2021 09:46:51 GMT
Server: Apache-Coyote/1.1
Vary: Accept-Encoding,User-Agent
X-Cache: Error from cloudfront
Via: 1.1 730be2df670a5459f9c003b1710f56b2.cloudfront.net (CloudFront)
X-Amz-Cf-Pop: CDG3-C1
X-Amz-Cf-Id: 0o8qIudi8-huAa5-pWDkm4Isa0SgrjtrmUuKQQEL84mTtcv-9G-oqg==

<?xml version="1.0" encoding="ISO-8859-1" standalone="yes"?><errors><error><code>53122</code><message>sender email invalid domain: jackson@hotmail.com. You must use an email @sandbox.pagseguro.com.br</message></error></errors>
                    [headers] => Requests_Response_Headers Object
                        (
                            [data:protected] => Array
                                (
                                    [content-type] => Array
                                        (
                                            [0] => application/xml;charset=ISO-8859-1
                                        )

                                    [content-length] => Array
                                        (
                                            [0] => 226
                                        )

                                    [date] => Array
                                        (
                                            [0] => Fri, 16 Jul 2021 09:43:51 GMT
                                        )

                                    [cache-control] => Array
                                        (
                                            [0] => max-age=180
                                        )

                                    [expires] => Array
                                        (
                                            [0] => Fri, 16 Jul 2021 09:46:51 GMT
                                        )

                                    [server] => Array
                                        (
                                            [0] => Apache-Coyote/1.1
                                        )

                                    [vary] => Array
                                        (
                                            [0] => Accept-Encoding,User-Agent
                                        )

                                    [x-cache] => Array
                                        (
                                            [0] => Error from cloudfront
                                        )

                                    [via] => Array
                                        (
                                            [0] => 1.1 730be2df670a5459f9c003b1710f56b2.cloudfront.net (CloudFront)
                                        )

                                    [x-amz-cf-pop] => Array
                                        (
                                            [0] => CDG3-C1
                                        )

                                    [x-amz-cf-id] => Array
                                        (
                                            [0] => 0o8qIudi8-huAa5-pWDkm4Isa0SgrjtrmUuKQQEL84mTtcv-9G-oqg==
                                        )

                                )

                        )

                    [status_code] => 400
                    [protocol_version] => 1.1
                    [success] => 
                    [redirects] => 0
                    [url] => https://ws.sandbox.pagseguro.uol.com.br/v2/transactions?email=paulohamdan@yahoo.com.br&token=A8FDA21056E344988493C3A71F8548B5
                    [history] => Array
                        (
                        )

                    [cookies] => Requests_Cookie_Jar Object
                        (
                            [cookies:protected] => Array
                                (
                                )

                        )

                )

            [filename:protected] => 
            [data] => 
            [headers] => 
            [status] => 
        )

)

07-16-2021 @ 06:44:13 - Requesting direct payment for order 3763 with the following data: <?xml version="1.0" encoding="UTF-8" standalone="yes"?>
<payment>
  <mode>default</mode>
  <method>eft</method>
  <currency>BRL</currency>
  <notificationURL><![CDATA[http://localhost/Wordpress/Brasos/wc-api/WC_PagSeguro_Gateway/]]></notificationURL>
  <items>
    <item>
      <id>1</id>
      <description><![CDATA[Médicos e Outros Profissionais de Saúde]]></description>
      <amount>200.00</amount>
      <quantity>1</quantity>
    </item>
  </items>
  <reference><![CDATA[WC-3763]]></reference>
  <sender>
    <email><![CDATA[c50827929427530012794@sandbox.pagseguro.com.br]]></email>
    <documents>
      <document>
        <type>CPF</type>
        <value>35734165867</value>
      </document>
    </documents>
    <name><![CDATA[Jackson Silva]]></name>
    <phone>
      <areaCode>11</areaCode>
      <number>12202244</number>
    </phone>
    <hash>076e380429b51c5400fbbf56b91aab9fcae234b557e0e9cd7bdf103e8dcfafff</hash>
  </sender>
  <shipping>
    <type>3</type>
    <address>
      <street><![CDATA[Rua Calcario]]></street>
      <number>10</number>
      <district><![CDATA[Jardim Silva]]></district>
      <postalCode>04304444</postalCode>
      <city><![CDATA[Sao Jacks]]></city>
      <state>SP</state>
      <country>BRA</country>
    </address>
    <cost>0</cost>
  </shipping>
  <bank>
    <name>bradesco</name>
  </bank>
</payment>

07-16-2021 @ 06:44:15 - PagSeguro direct payment created successfully!
07-16-2021 @ 06:44:15 - PagSeguro payment status for order 3763 is: 1
