10-15-2021 @ 03:22:43 - Requesting session ID...
10-15-2021 @ 03:22:45 - PagSeguro session is valid! The return is: SimpleXMLElement Object
(
    [id] => b655803bbc844f2f932e4cc351f73276
)

10-15-2021 @ 03:28:35 - Requesting session ID...
10-15-2021 @ 03:28:36 - PagSeguro session is valid! The return is: SimpleXMLElement Object
(
    [id] => b3d3808997b94c89bad938cbe1e6b30d
)

10-15-2021 @ 04:00:13 - Requesting session ID...
10-15-2021 @ 04:00:14 - PagSeguro session is valid! The return is: SimpleXMLElement Object
(
    [id] => 705dcfbaac564b7ba0e960f9ceafcdb7
)

10-15-2021 @ 04:01:05 - Requesting session ID...
10-15-2021 @ 04:01:07 - PagSeguro session is valid! The return is: SimpleXMLElement Object
(
    [id] => 5b11238b8e5d4078a8dd87cdcdcb8794
)

10-15-2021 @ 04:02:00 - Requesting session ID...
10-15-2021 @ 04:02:01 - PagSeguro session is valid! The return is: SimpleXMLElement Object
(
    [id] => e9dbac8696b64df3ba0989f83f52a742
)

10-15-2021 @ 04:02:24 - Requesting session ID...
10-15-2021 @ 04:02:25 - PagSeguro session is valid! The return is: SimpleXMLElement Object
(
    [id] => 0ca3f781cb7145e5a92849bc0d186818
)

10-15-2021 @ 04:04:00 - Requesting session ID...
10-15-2021 @ 04:04:01 - PagSeguro session is valid! The return is: SimpleXMLElement Object
(
    [id] => 038bddb7b8f64616b3d9aa1c5a4d15fd
)

10-15-2021 @ 04:04:06 - Requesting session ID...
10-15-2021 @ 04:04:07 - PagSeguro session is valid! The return is: SimpleXMLElement Object
(
    [id] => 6fa9df60910c4f758e0b8171e1d404f2
)

10-15-2021 @ 04:04:35 - Requesting session ID...
10-15-2021 @ 04:04:36 - PagSeguro session is valid! The return is: SimpleXMLElement Object
(
    [id] => b8b960bbc9524880817308d00a7fa961
)

10-15-2021 @ 04:05:27 - Requesting session ID...
10-15-2021 @ 04:05:28 - PagSeguro session is valid! The return is: SimpleXMLElement Object
(
    [id] => 47f12e2d915a49c588fb5cfd2eebc40b
)

10-15-2021 @ 04:06:18 - Requesting session ID...
10-15-2021 @ 04:06:19 - PagSeguro session is valid! The return is: SimpleXMLElement Object
(
    [id] => e7a994903d5f4230a443d9111ef43489
)

10-15-2021 @ 04:08:22 - Requesting session ID...
10-15-2021 @ 04:08:23 - PagSeguro session is valid! The return is: SimpleXMLElement Object
(
    [id] => f8cfa160c59a4aa5b7303ad29b10e47b
)

10-15-2021 @ 04:09:29 - Requesting session ID...
10-15-2021 @ 04:09:30 - PagSeguro session is valid! The return is: SimpleXMLElement Object
(
    [id] => 108597920ba241ef903a11956cb8df8e
)

10-15-2021 @ 04:17:16 - Requesting session ID...
10-15-2021 @ 04:17:17 - PagSeguro session is valid! The return is: SimpleXMLElement Object
(
    [id] => 80877b70551f4241b84b8a805238ea7f
)

10-15-2021 @ 04:17:21 - Requesting session ID...
10-15-2021 @ 04:17:23 - PagSeguro session is valid! The return is: SimpleXMLElement Object
(
    [id] => 0c5dd65e978b4f209889c463d40ce540
)

10-15-2021 @ 04:17:56 - Requesting session ID...
10-15-2021 @ 04:17:57 - PagSeguro session is valid! The return is: SimpleXMLElement Object
(
    [id] => 30639f368aa541da9fa364cfd838d8cd
)

10-15-2021 @ 04:19:10 - Requesting session ID...
10-15-2021 @ 04:19:11 - PagSeguro session is valid! The return is: SimpleXMLElement Object
(
    [id] => d36b7a11d9e049cbbb9ddaa7fda70dd9
)

10-15-2021 @ 04:20:11 - Requesting session ID...
10-15-2021 @ 04:20:11 - Requesting session ID...
10-15-2021 @ 04:20:13 - PagSeguro session is valid! The return is: SimpleXMLElement Object
(
    [id] => ed5f244e0a9d41aab17d7141414a258f
)

10-15-2021 @ 04:20:13 - PagSeguro session is valid! The return is: SimpleXMLElement Object
(
    [id] => 4e67f9419e4b40779e2aca9e4d873927
)

10-15-2021 @ 04:20:42 - Requesting session ID...
10-15-2021 @ 04:20:43 - PagSeguro session is valid! The return is: SimpleXMLElement Object
(
    [id] => f33bea57003a407a9f9d3c57b4fd06ac
)

10-15-2021 @ 04:20:47 - Requesting session ID...
10-15-2021 @ 04:20:48 - PagSeguro session is valid! The return is: SimpleXMLElement Object
(
    [id] => b6716fed132841eb82d6823196da7e50
)

10-15-2021 @ 04:22:10 - Requesting session ID...
10-15-2021 @ 04:22:11 - PagSeguro session is valid! The return is: SimpleXMLElement Object
(
    [id] => 92f78ffc07254806b809ad62f5c8a48c
)

10-15-2021 @ 04:23:17 - Requesting session ID...
10-15-2021 @ 04:23:18 - PagSeguro session is valid! The return is: SimpleXMLElement Object
(
    [id] => a48bb027d0d84410bf89a727ddafd305
)

10-15-2021 @ 04:23:53 - Requesting session ID...
10-15-2021 @ 04:23:54 - PagSeguro session is valid! The return is: SimpleXMLElement Object
(
    [id] => 834fc66ffdf7414690c7cb85cbba4f16
)

10-15-2021 @ 04:24:13 - Requesting session ID...
10-15-2021 @ 04:24:14 - PagSeguro session is valid! The return is: SimpleXMLElement Object
(
    [id] => a51b159098474796a0aabd589489a693
)

10-15-2021 @ 04:25:01 - Requesting session ID...
10-15-2021 @ 04:25:02 - PagSeguro session is valid! The return is: SimpleXMLElement Object
(
    [id] => d4d79711e0c24f948949f5f3be649dac
)

10-15-2021 @ 04:25:17 - Requesting session ID...
10-15-2021 @ 04:25:18 - PagSeguro session is valid! The return is: SimpleXMLElement Object
(
    [id] => b5f32d1bb97c49c58fa9f7d834b64f9e
)

10-15-2021 @ 04:25:34 - Requesting session ID...
10-15-2021 @ 04:25:35 - PagSeguro session is valid! The return is: SimpleXMLElement Object
(
    [id] => cec1860595de48498c8c8d5a5115e440
)

10-15-2021 @ 04:25:51 - Requesting session ID...
10-15-2021 @ 04:25:52 - PagSeguro session is valid! The return is: SimpleXMLElement Object
(
    [id] => 2f0d279b672e4ac29bc08c276238022a
)

10-15-2021 @ 04:26:28 - Requesting session ID...
10-15-2021 @ 04:26:30 - PagSeguro session is valid! The return is: SimpleXMLElement Object
(
    [id] => 28c5bbcc2685464f88575cd768d0681f
)

10-15-2021 @ 04:27:35 - Requesting session ID...
10-15-2021 @ 04:27:36 - PagSeguro session is valid! The return is: SimpleXMLElement Object
(
    [id] => 0191468d75234cf4a92585d2e0aa4313
)

