07-19-2021 @ 11:31:54 - Requesting session ID...
07-19-2021 @ 11:31:56 - PagSeguro session is valid! The return is: SimpleXMLElement Object
(
    [id] => 512d1ab73f77455e95b41f90b75bd559
)

07-19-2021 @ 11:33:55 - Requesting session ID...
07-19-2021 @ 11:33:56 - PagSeguro session is valid! The return is: SimpleXMLElement Object
(
    [id] => 56c7e84c34b14fe7bd536bcbd55444e6
)

07-19-2021 @ 11:34:29 - Requesting session ID...
07-19-2021 @ 11:34:30 - PagSeguro session is valid! The return is: SimpleXMLElement Object
(
    [id] => 6e177c6a9b154a03a437eaae3d5a8814
)

07-19-2021 @ 11:34:42 - Requesting session ID...
07-19-2021 @ 11:34:44 - PagSeguro session is valid! The return is: SimpleXMLElement Object
(
    [id] => ee3bc393a49f484b9131fdf954153074
)

07-19-2021 @ 11:46:46 - Requesting session ID...
07-19-2021 @ 11:46:48 - PagSeguro session is valid! The return is: SimpleXMLElement Object
(
    [id] => 71bd939378374b668570331913502c09
)

07-19-2021 @ 11:46:50 - Requesting session ID...
07-19-2021 @ 11:46:51 - PagSeguro session is valid! The return is: SimpleXMLElement Object
(
    [id] => a8257f8d924b40029405604af71c020a
)

07-19-2021 @ 14:25:17 - Requesting session ID...
07-19-2021 @ 14:25:19 - PagSeguro session is valid! The return is: SimpleXMLElement Object
(
    [id] => 6b578aab736e4147ad68b6ff85beb819
)

07-19-2021 @ 14:25:35 - Requesting session ID...
07-19-2021 @ 14:25:36 - PagSeguro session is valid! The return is: SimpleXMLElement Object
(
    [id] => dee7fbd62c6541c683d0a5b3dd970aa4
)

07-19-2021 @ 14:27:24 - Requesting session ID...
07-19-2021 @ 14:27:25 - PagSeguro session is valid! The return is: SimpleXMLElement Object
(
    [id] => 42ed5cec481248278854fe70e64faf58
)

07-19-2021 @ 14:27:50 - Requesting session ID...
07-19-2021 @ 14:27:51 - PagSeguro session is valid! The return is: SimpleXMLElement Object
(
    [id] => e203151c706241c1921e88b26d424b51
)

07-19-2021 @ 14:28:35 - Requesting session ID...
07-19-2021 @ 14:28:37 - PagSeguro session is valid! The return is: SimpleXMLElement Object
(
    [id] => a4736e1ad8a64e5b969301d7855b7664
)

07-19-2021 @ 14:30:41 - Requesting session ID...
07-19-2021 @ 14:30:43 - PagSeguro session is valid! The return is: SimpleXMLElement Object
(
    [id] => de11a7836419459a92f9881ee9fd1d3b
)

07-19-2021 @ 14:32:37 - Requesting session ID...
07-19-2021 @ 14:32:38 - PagSeguro session is valid! The return is: SimpleXMLElement Object
(
    [id] => ccd31566da604ca081181ba48fb092c0
)

07-19-2021 @ 14:33:58 - Requesting session ID...
07-19-2021 @ 14:33:59 - PagSeguro session is valid! The return is: SimpleXMLElement Object
(
    [id] => f63be5109fc1404e896e52459de36013
)

07-19-2021 @ 14:37:12 - Requesting session ID...
07-19-2021 @ 14:37:14 - PagSeguro session is valid! The return is: SimpleXMLElement Object
(
    [id] => 4ce3cb48b1c341ef890d6c8b019272e7
)

07-19-2021 @ 14:48:58 - Requesting session ID...
07-19-2021 @ 14:48:59 - PagSeguro session is valid! The return is: SimpleXMLElement Object
(
    [id] => cfdf3ce717ee4e6fbde361f5570059f2
)

07-19-2021 @ 14:49:51 - Requesting session ID...
07-19-2021 @ 14:49:53 - PagSeguro session is valid! The return is: SimpleXMLElement Object
(
    [id] => c6c3c6b22d404e66b3b4d8a5fb4e188d
)

07-19-2021 @ 14:50:01 - Requesting session ID...
07-19-2021 @ 14:50:02 - PagSeguro session is valid! The return is: SimpleXMLElement Object
(
    [id] => 9fbbdf0e021448e3b0d0ed8b616d362a
)

07-19-2021 @ 14:50:16 - Requesting session ID...
07-19-2021 @ 14:50:17 - PagSeguro session is valid! The return is: SimpleXMLElement Object
(
    [id] => cff18bc3538f41b0bf4c049e36df52f4
)

07-19-2021 @ 14:50:27 - Requesting session ID...
07-19-2021 @ 14:50:28 - PagSeguro session is valid! The return is: SimpleXMLElement Object
(
    [id] => 96033aaf2c434a83a0407daceb4fde06
)

07-19-2021 @ 14:50:46 - Requesting session ID...
07-19-2021 @ 14:50:47 - PagSeguro session is valid! The return is: SimpleXMLElement Object
(
    [id] => f17563a3224f4f4f93c5ce789fd6e3c6
)

07-19-2021 @ 14:51:02 - Requesting session ID...
07-19-2021 @ 14:51:04 - PagSeguro session is valid! The return is: SimpleXMLElement Object
(
    [id] => c9a52a302c504f40bdc3249e93534dc4
)

07-19-2021 @ 14:51:43 - Requesting session ID...
07-19-2021 @ 14:51:44 - PagSeguro session is valid! The return is: SimpleXMLElement Object
(
    [id] => ab97d59ed4674a50954d4d20e01d3908
)

07-19-2021 @ 15:04:54 - Requesting session ID...
07-19-2021 @ 15:04:55 - PagSeguro session is valid! The return is: SimpleXMLElement Object
(
    [id] => f9efe6af65d344bba92fd0006186e5df
)

07-19-2021 @ 15:05:08 - Requesting session ID...
07-19-2021 @ 15:05:09 - PagSeguro session is valid! The return is: SimpleXMLElement Object
(
    [id] => 4ee5b505ef244acf988296b0a06a533a
)

07-19-2021 @ 15:05:35 - Requesting session ID...
07-19-2021 @ 15:05:36 - PagSeguro session is valid! The return is: SimpleXMLElement Object
(
    [id] => 8961cfcb5d0149c5abc975014b8176eb
)

07-19-2021 @ 15:05:51 - Requesting session ID...
07-19-2021 @ 15:05:52 - PagSeguro session is valid! The return is: SimpleXMLElement Object
(
    [id] => 2fd1f393f04e48c48938218256dcd94e
)

07-19-2021 @ 15:06:01 - Requesting session ID...
07-19-2021 @ 15:06:03 - PagSeguro session is valid! The return is: SimpleXMLElement Object
(
    [id] => 18753fef30104c1a89c7d31632238efd
)

07-19-2021 @ 15:06:12 - Requesting session ID...
07-19-2021 @ 15:06:13 - PagSeguro session is valid! The return is: SimpleXMLElement Object
(
    [id] => 7a330cdad080431894a59f595eb57dbd
)

07-19-2021 @ 15:08:09 - Requesting session ID...
07-19-2021 @ 15:08:11 - PagSeguro session is valid! The return is: SimpleXMLElement Object
(
    [id] => d4a12eb9141a43e4af1ad00ba79ebb72
)

07-19-2021 @ 15:08:21 - Requesting session ID...
07-19-2021 @ 15:08:22 - PagSeguro session is valid! The return is: SimpleXMLElement Object
(
    [id] => e56922cabdfe4e2aa8db8f11a273b577
)

07-19-2021 @ 15:09:29 - Requesting session ID...
07-19-2021 @ 15:09:30 - PagSeguro session is valid! The return is: SimpleXMLElement Object
(
    [id] => 4823e2d91b5542baa4a92d1ee6644396
)

07-19-2021 @ 15:09:41 - Requesting session ID...
07-19-2021 @ 15:09:42 - PagSeguro session is valid! The return is: SimpleXMLElement Object
(
    [id] => ce2d1f85da2741d984bdca2578564910
)

07-19-2021 @ 15:10:35 - Requesting session ID...
07-19-2021 @ 15:10:36 - PagSeguro session is valid! The return is: SimpleXMLElement Object
(
    [id] => e6498a48fee74f65a9271ea039d40e83
)

07-19-2021 @ 15:10:47 - Requesting session ID...
07-19-2021 @ 15:10:48 - PagSeguro session is valid! The return is: SimpleXMLElement Object
(
    [id] => 24bb4a4d42a645139201d39dd3f2b45d
)

07-19-2021 @ 15:11:02 - Requesting session ID...
07-19-2021 @ 15:11:03 - PagSeguro session is valid! The return is: SimpleXMLElement Object
(
    [id] => d7ad15c545284b0a9d203680b3110164
)

07-19-2021 @ 15:11:41 - Requesting session ID...
07-19-2021 @ 15:11:42 - PagSeguro session is valid! The return is: SimpleXMLElement Object
(
    [id] => b7abaa46713d410ea81ea759d9d79c84
)

07-19-2021 @ 15:12:30 - Requesting session ID...
07-19-2021 @ 15:12:48 - PagSeguro session is valid! The return is: SimpleXMLElement Object
(
    [id] => 0e096bb7554a462089dd299f309a5cfb
)

07-19-2021 @ 15:14:28 - Requesting session ID...
07-19-2021 @ 15:14:29 - PagSeguro session is valid! The return is: SimpleXMLElement Object
(
    [id] => 1b472b0f7c904c47939f8d9e04fc2c1c
)

07-19-2021 @ 15:16:12 - Requesting session ID...
07-19-2021 @ 15:16:13 - PagSeguro session is valid! The return is: SimpleXMLElement Object
(
    [id] => 992d5cd745954d3dbcc6e43780980f01
)

07-19-2021 @ 15:16:33 - Requesting session ID...
07-19-2021 @ 15:16:34 - PagSeguro session is valid! The return is: SimpleXMLElement Object
(
    [id] => 6d418233c58b4430a08dfdb9c7d3e93a
)

07-19-2021 @ 15:16:45 - Requesting session ID...
07-19-2021 @ 15:16:46 - PagSeguro session is valid! The return is: SimpleXMLElement Object
(
    [id] => e3cdf965f8a9487baeecef316cbe5ace
)

07-19-2021 @ 15:17:15 - Requesting session ID...
07-19-2021 @ 15:17:17 - PagSeguro session is valid! The return is: SimpleXMLElement Object
(
    [id] => 7d4bfaddecc740e2b5f377f30c586d82
)

07-19-2021 @ 15:43:28 - Requesting session ID...
07-19-2021 @ 15:43:29 - PagSeguro session is valid! The return is: SimpleXMLElement Object
(
    [id] => 094f0979a665472e8eff872aa3c20e37
)

