06-29-2021 @ 05:25:11 - Requesting session ID...
06-29-2021 @ 05:25:14 - PagSeguro session is valid! The return is: SimpleXMLElement Object
(
    [id] => 3f0b0c131809401bb66561ff808b8b7c
)

06-29-2021 @ 05:31:46 - Requesting session ID...
06-29-2021 @ 05:31:47 - PagSeguro session is valid! The return is: SimpleXMLElement Object
(
    [id] => 61d732def8624e9eb7624d301ec80875
)

06-29-2021 @ 05:36:52 - Requesting session ID...
06-29-2021 @ 05:36:54 - PagSeguro session is valid! The return is: SimpleXMLElement Object
(
    [id] => 9ab1d71a3ea3441ca22beeecff96fd76
)

06-29-2021 @ 05:51:01 - Requesting session ID...
06-29-2021 @ 05:51:02 - PagSeguro session is valid! The return is: SimpleXMLElement Object
(
    [id] => 96b155ba513f4d2287ac568093563427
)

06-29-2021 @ 05:51:40 - Requesting session ID...
06-29-2021 @ 05:51:41 - PagSeguro session is valid! The return is: SimpleXMLElement Object
(
    [id] => babfd5475c014c248c050a02f3d11796
)

