08-11-2021 @ 09:02:12 - Requesting session ID...
08-11-2021 @ 09:02:14 - PagSeguro session is valid! The return is: SimpleXMLElement Object
(
    [id] => 933146634bcd48f88c66e02516b6d9fd
)

08-11-2021 @ 09:02:15 - Requesting session ID...
08-11-2021 @ 09:02:16 - PagSeguro session is valid! The return is: SimpleXMLElement Object
(
    [id] => 2f450a0d060a436fb9467a6afc708b0a
)

08-11-2021 @ 09:03:10 - Requesting session ID...
08-11-2021 @ 09:03:11 - PagSeguro session is valid! The return is: SimpleXMLElement Object
(
    [id] => 27190a24362d4362bcf7b652fa5e49f9
)

08-11-2021 @ 09:03:46 - Requesting session ID...
08-11-2021 @ 09:03:48 - PagSeguro session is valid! The return is: SimpleXMLElement Object
(
    [id] => 42430537edfc40a2ad396c85966d3f52
)

08-11-2021 @ 09:03:56 - Requesting session ID...
08-11-2021 @ 09:03:57 - PagSeguro session is valid! The return is: SimpleXMLElement Object
(
    [id] => 518d22430532449ea16aff4ca4e2d712
)

08-11-2021 @ 09:04:38 - Requesting session ID...
08-11-2021 @ 09:04:39 - PagSeguro session is valid! The return is: SimpleXMLElement Object
(
    [id] => 02b3cc72934c4421b477aac3a6c4429a
)

08-11-2021 @ 09:06:13 - Requesting session ID...
08-11-2021 @ 09:06:14 - PagSeguro session is valid! The return is: SimpleXMLElement Object
(
    [id] => 85d7a8ea71db44d9b57bbc3d45df565c
)

08-11-2021 @ 09:06:40 - Requesting session ID...
08-11-2021 @ 09:06:41 - PagSeguro session is valid! The return is: SimpleXMLElement Object
(
    [id] => 52b3d44e092e4e87ab8e3896196c5828
)

08-11-2021 @ 09:07:07 - Requesting session ID...
08-11-2021 @ 09:07:08 - PagSeguro session is valid! The return is: SimpleXMLElement Object
(
    [id] => 2f43303d4d0c401f90f246e150e1e3ba
)

08-11-2021 @ 09:07:28 - Requesting session ID...
08-11-2021 @ 09:07:29 - PagSeguro session is valid! The return is: SimpleXMLElement Object
(
    [id] => b94f7c05eec74f9fb0bc4a0d7582813e
)

08-11-2021 @ 09:08:16 - Requesting session ID...
08-11-2021 @ 09:08:17 - PagSeguro session is valid! The return is: SimpleXMLElement Object
(
    [id] => aedd7baf31b148dd9a780bbe58461821
)

08-11-2021 @ 09:09:48 - Requesting session ID...
08-11-2021 @ 09:09:49 - PagSeguro session is valid! The return is: SimpleXMLElement Object
(
    [id] => 76e3b744ee724df08ad6a36fec433e62
)

08-11-2021 @ 09:13:11 - Requesting session ID...
08-11-2021 @ 09:13:13 - PagSeguro session is valid! The return is: SimpleXMLElement Object
(
    [id] => 4cc9766135304157a8f4be11e263feea
)

08-11-2021 @ 09:13:44 - Requesting session ID...
08-11-2021 @ 09:13:45 - PagSeguro session is valid! The return is: SimpleXMLElement Object
(
    [id] => 73a9d90ecff2489a8e1016aa80990fc7
)

08-11-2021 @ 09:14:43 - Requesting session ID...
08-11-2021 @ 09:14:45 - PagSeguro session is valid! The return is: SimpleXMLElement Object
(
    [id] => 44e3ec34729944e9a8a03f7755bf4ac7
)

08-11-2021 @ 09:15:03 - Requesting session ID...
08-11-2021 @ 09:15:04 - PagSeguro session is valid! The return is: SimpleXMLElement Object
(
    [id] => c08323e35b424ebdaa09e12762ce80f9
)

08-11-2021 @ 09:29:49 - Requesting session ID...
08-11-2021 @ 09:29:50 - PagSeguro session is valid! The return is: SimpleXMLElement Object
(
    [id] => 57bdf8a3347d4e8aae4f081423fbce1f
)

08-11-2021 @ 09:30:42 - Requesting direct payment for order 3866 with the following data: <?xml version="1.0" encoding="UTF-8" standalone="yes"?>
<payment>
  <mode>default</mode>
  <method>creditCard</method>
  <currency>BRL</currency>
  <notificationURL><![CDATA[http://localhost/Wordpress/Brasos/wc-api/WC_PagSeguro_Gateway/]]></notificationURL>
  <items>
    <item>
      <id>1</id>
      <description><![CDATA[Alunos de Medicina e outras áreas da saúde]]></description>
      <amount>105.00</amount>
      <quantity>1</quantity>
    </item>
  </items>
  <reference><![CDATA[WC-3866]]></reference>
  <sender>
    <email><![CDATA[c50827929427530012794@sandbox.pagseguro.com.br]]></email>
    <documents>
      <document>
        <type>CPF</type>
        <value>35734165867</value>
      </document>
    </documents>
    <name><![CDATA[Claudio Marques]]></name>
    <phone>
      <areaCode>11</areaCode>
      <number>945859677</number>
    </phone>
    <hash>749019f6b208a4c1b9161b2309b222d43a08ad979e39f1c7ed12ad56811caeff</hash>
  </sender>
  <shipping>
    <type>3</type>
    <cost>0</cost>
  </shipping>
  <creditCard>
    <token>b54d93c5afbc430a811ccac83a74102f</token>
    <installment>
      <quantity>1</quantity>
      <value>105.00</value>
    </installment>
    <holder>
      <name><![CDATA[Claudio Marques]]></name>
      <documents>
        <document>
          <type>CPF</type>
          <value>35734165867</value>
        </document>
      </documents>
      <birthDate>12/12/2005</birthDate>
      <phone>
        <areaCode>11</areaCode>
        <number>945859677</number>
      </phone>
    </holder>
    <billingAddress>
      <street><![CDATA[]]></street>
      <number>340</number>
      <city><![CDATA[]]></city>
      <state/>
      <country>BRA</country>
      <postalCode/>
    </billingAddress>
  </creditCard>
</payment>

08-11-2021 @ 09:30:43 - An error occurred while generating the PagSeguro direct payment: Array
(
    [headers] => Requests_Utility_CaseInsensitiveDictionary Object
        (
            [data:protected] => Array
                (
                    [content-type] => application/xml;charset=ISO-8859-1
                    [content-length] => 1137
                    [date] => Wed, 11 Aug 2021 12:30:42 GMT
                    [cache-control] => max-age=180
                    [expires] => Wed, 11 Aug 2021 12:33:42 GMT
                    [server] => Apache-Coyote/1.1
                    [vary] => Accept-Encoding,User-Agent
                    [x-cache] => Error from cloudfront
                    [via] => 1.1 8406a060d9a8128ff1642e549dbb75bc.cloudfront.net (CloudFront)
                    [x-amz-cf-pop] => CDG50-C2
                    [x-amz-cf-id] => 0o5JKZ65C1F5Lkv3iI-ze7NsN-aUc_BGTcxrrdWr9wQ-YC_Zn7A-0w==
                )

        )

    [body] => <?xml version="1.0" encoding="ISO-8859-1" standalone="yes"?><errors><error><code>53024</code><message>shipping address street is required.</message></error><error><code>53029</code><message>shipping address district is required.</message></error><error><code>53026</code><message>shipping address number is required.</message></error><error><code>53022</code><message>shipping address postal code is required.</message></error><error><code>53031</code><message>shipping address city is required.</message></error><error><code>53033</code><message>shipping address state is required.</message></error><error><code>53035</code><message>shipping address country is required.</message></error><error><code>53060</code><message>billing address district is required.</message></error><error><code>53053</code><message>billing address postal code is required.</message></error><error><code>53055</code><message>billing address street is required.</message></error><error><code>53062</code><message>billing address city is required.</message></error><error><code>53064</code><message>billing address state is required.</message></error></errors>
    [response] => Array
        (
            [code] => 400
            [message] => Bad Request
        )

    [cookies] => Array
        (
        )

    [filename] => 
    [http_response] => WP_HTTP_Requests_Response Object
        (
            [response:protected] => Requests_Response Object
                (
                    [body] => <?xml version="1.0" encoding="ISO-8859-1" standalone="yes"?><errors><error><code>53024</code><message>shipping address street is required.</message></error><error><code>53029</code><message>shipping address district is required.</message></error><error><code>53026</code><message>shipping address number is required.</message></error><error><code>53022</code><message>shipping address postal code is required.</message></error><error><code>53031</code><message>shipping address city is required.</message></error><error><code>53033</code><message>shipping address state is required.</message></error><error><code>53035</code><message>shipping address country is required.</message></error><error><code>53060</code><message>billing address district is required.</message></error><error><code>53053</code><message>billing address postal code is required.</message></error><error><code>53055</code><message>billing address street is required.</message></error><error><code>53062</code><message>billing address city is required.</message></error><error><code>53064</code><message>billing address state is required.</message></error></errors>
                    [raw] => HTTP/1.1 400 Bad Request
Content-Type: application/xml;charset=ISO-8859-1
Content-Length: 1137
Connection: close
Date: Wed, 11 Aug 2021 12:30:42 GMT
Cache-Control: max-age=180
Expires: Wed, 11 Aug 2021 12:33:42 GMT
Server: Apache-Coyote/1.1
Vary: Accept-Encoding,User-Agent
X-Cache: Error from cloudfront
Via: 1.1 8406a060d9a8128ff1642e549dbb75bc.cloudfront.net (CloudFront)
X-Amz-Cf-Pop: CDG50-C2
X-Amz-Cf-Id: 0o5JKZ65C1F5Lkv3iI-ze7NsN-aUc_BGTcxrrdWr9wQ-YC_Zn7A-0w==

<?xml version="1.0" encoding="ISO-8859-1" standalone="yes"?><errors><error><code>53024</code><message>shipping address street is required.</message></error><error><code>53029</code><message>shipping address district is required.</message></error><error><code>53026</code><message>shipping address number is required.</message></error><error><code>53022</code><message>shipping address postal code is required.</message></error><error><code>53031</code><message>shipping address city is required.</message></error><error><code>53033</code><message>shipping address state is required.</message></error><error><code>53035</code><message>shipping address country is required.</message></error><error><code>53060</code><message>billing address district is required.</message></error><error><code>53053</code><message>billing address postal code is required.</message></error><error><code>53055</code><message>billing address street is required.</message></error><error><code>53062</code><message>billing address city is required.</message></error><error><code>53064</code><message>billing address state is required.</message></error></errors>
                    [headers] => Requests_Response_Headers Object
                        (
                            [data:protected] => Array
                                (
                                    [content-type] => Array
                                        (
                                            [0] => application/xml;charset=ISO-8859-1
                                        )

                                    [content-length] => Array
                                        (
                                            [0] => 1137
                                        )

                                    [date] => Array
                                        (
                                            [0] => Wed, 11 Aug 2021 12:30:42 GMT
                                        )

                                    [cache-control] => Array
                                        (
                                            [0] => max-age=180
                                        )

                                    [expires] => Array
                                        (
                                            [0] => Wed, 11 Aug 2021 12:33:42 GMT
                                        )

                                    [server] => Array
                                        (
                                            [0] => Apache-Coyote/1.1
                                        )

                                    [vary] => Array
                                        (
                                            [0] => Accept-Encoding,User-Agent
                                        )

                                    [x-cache] => Array
                                        (
                                            [0] => Error from cloudfront
                                        )

                                    [via] => Array
                                        (
                                            [0] => 1.1 8406a060d9a8128ff1642e549dbb75bc.cloudfront.net (CloudFront)
                                        )

                                    [x-amz-cf-pop] => Array
                                        (
                                            [0] => CDG50-C2
                                        )

                                    [x-amz-cf-id] => Array
                                        (
                                            [0] => 0o5JKZ65C1F5Lkv3iI-ze7NsN-aUc_BGTcxrrdWr9wQ-YC_Zn7A-0w==
                                        )

                                )

                        )

                    [status_code] => 400
                    [protocol_version] => 1.1
                    [success] => 
                    [redirects] => 0
                    [url] => https://ws.sandbox.pagseguro.uol.com.br/v2/transactions?email=paulohamdan@yahoo.com.br&token=A8FDA21056E344988493C3A71F8548B5
                    [history] => Array
                        (
                        )

                    [cookies] => Requests_Cookie_Jar Object
                        (
                            [cookies:protected] => Array
                                (
                                )

                        )

                )

            [filename:protected] => 
            [data] => 
            [headers] => 
            [status] => 
        )

)

08-11-2021 @ 09:33:15 - Requesting session ID...
08-11-2021 @ 09:33:16 - PagSeguro session is valid! The return is: SimpleXMLElement Object
(
    [id] => dda152867bb44937ae3e46acba597f81
)

08-11-2021 @ 09:33:45 - Requesting session ID...
08-11-2021 @ 09:33:46 - PagSeguro session is valid! The return is: SimpleXMLElement Object
(
    [id] => d8e3c95f311b4ad2a6a669a5a03c4d71
)

08-11-2021 @ 09:34:37 - Requesting session ID...
08-11-2021 @ 09:34:39 - PagSeguro session is valid! The return is: SimpleXMLElement Object
(
    [id] => 3ed7382f72fd472e9e0899281943ad39
)

08-11-2021 @ 09:34:49 - Requesting session ID...
08-11-2021 @ 09:34:50 - PagSeguro session is valid! The return is: SimpleXMLElement Object
(
    [id] => 3643e1ce420d44439bfcff65748cb1fd
)

08-11-2021 @ 09:35:04 - Requesting session ID...
08-11-2021 @ 09:35:05 - PagSeguro session is valid! The return is: SimpleXMLElement Object
(
    [id] => 1de7f86db33b4fef9c239a04dccc90e1
)

08-11-2021 @ 09:35:24 - Requesting session ID...
08-11-2021 @ 09:35:25 - PagSeguro session is valid! The return is: SimpleXMLElement Object
(
    [id] => 4c5f6808b98c4405b26ddbc10bb6c7fa
)

08-11-2021 @ 09:35:36 - Requesting session ID...
08-11-2021 @ 09:35:37 - PagSeguro session is valid! The return is: SimpleXMLElement Object
(
    [id] => ee55c2ec81b546ae9e0944dbfc1810db
)

08-11-2021 @ 09:40:56 - Requesting session ID...
08-11-2021 @ 09:40:58 - PagSeguro session is valid! The return is: SimpleXMLElement Object
(
    [id] => 7d1d1f22962a4f37908e9d06d281e7ca
)

08-11-2021 @ 09:41:03 - Requesting session ID...
08-11-2021 @ 09:41:04 - PagSeguro session is valid! The return is: SimpleXMLElement Object
(
    [id] => 44057d7b557842fa9d60ef56aed7e44c
)

08-11-2021 @ 09:41:48 - Requesting direct payment for order 3867 with the following data: <?xml version="1.0" encoding="UTF-8" standalone="yes"?>
<payment>
  <mode>default</mode>
  <method>creditCard</method>
  <currency>BRL</currency>
  <notificationURL><![CDATA[http://localhost/Wordpress/Brasos/wc-api/WC_PagSeguro_Gateway/]]></notificationURL>
  <items>
    <item>
      <id>1</id>
      <description><![CDATA[Médicos e Outros Profissionais de Saúde]]></description>
      <amount>200.00</amount>
      <quantity>1</quantity>
    </item>
  </items>
  <reference><![CDATA[WC-3867]]></reference>
  <sender>
    <email><![CDATA[c50827929427530012794@sandbox.pagseguro.com.br]]></email>
    <documents>
      <document>
        <type>CPF</type>
        <value>35734165867</value>
      </document>
    </documents>
    <name><![CDATA[Claudio Marques]]></name>
    <phone>
      <areaCode>11</areaCode>
      <number>945859677</number>
    </phone>
    <hash>64b6c3cf1121b03a29f1dc56bf949304baeb0dd86899d8dba82f8f6102113e18</hash>
  </sender>
  <shipping>
    <type>3</type>
    <cost>0</cost>
  </shipping>
  <creditCard>
    <token>74f30d2a879a45da8554cd281cf096ce</token>
    <installment>
      <quantity>1</quantity>
      <value>200.00</value>
    </installment>
    <holder>
      <name><![CDATA[Claudio Marques]]></name>
      <documents>
        <document>
          <type>CPF</type>
          <value>35734165867</value>
        </document>
      </documents>
      <birthDate>12/02/2005</birthDate>
      <phone>
        <areaCode>11</areaCode>
        <number>945859677</number>
      </phone>
    </holder>
    <billingAddress>
      <street><![CDATA[]]></street>
      <number>340</number>
      <city><![CDATA[]]></city>
      <state/>
      <country>BRA</country>
      <postalCode/>
    </billingAddress>
  </creditCard>
</payment>

08-11-2021 @ 09:41:49 - An error occurred while generating the PagSeguro direct payment: Array
(
    [headers] => Requests_Utility_CaseInsensitiveDictionary Object
        (
            [data:protected] => Array
                (
                    [content-type] => application/xml;charset=ISO-8859-1
                    [content-length] => 1137
                    [date] => Wed, 11 Aug 2021 12:41:49 GMT
                    [cache-control] => max-age=180
                    [expires] => Wed, 11 Aug 2021 12:44:48 GMT
                    [server] => Apache-Coyote/1.1
                    [vary] => Accept-Encoding,User-Agent
                    [x-cache] => Error from cloudfront
                    [via] => 1.1 59d6f4cc9bf66b7389662cc7f6d33f70.cloudfront.net (CloudFront)
                    [x-amz-cf-pop] => CDG50-C2
                    [x-amz-cf-id] => TS7VORtouNmXRUqrf48Jz0KeNHrmyfQVHhqPRotDHYJzdET8iyC1ZQ==
                )

        )

    [body] => <?xml version="1.0" encoding="ISO-8859-1" standalone="yes"?><errors><error><code>53022</code><message>shipping address postal code is required.</message></error><error><code>53026</code><message>shipping address number is required.</message></error><error><code>53035</code><message>shipping address country is required.</message></error><error><code>53031</code><message>shipping address city is required.</message></error><error><code>53029</code><message>shipping address district is required.</message></error><error><code>53024</code><message>shipping address street is required.</message></error><error><code>53033</code><message>shipping address state is required.</message></error><error><code>53060</code><message>billing address district is required.</message></error><error><code>53053</code><message>billing address postal code is required.</message></error><error><code>53055</code><message>billing address street is required.</message></error><error><code>53062</code><message>billing address city is required.</message></error><error><code>53064</code><message>billing address state is required.</message></error></errors>
    [response] => Array
        (
            [code] => 400
            [message] => Bad Request
        )

    [cookies] => Array
        (
        )

    [filename] => 
    [http_response] => WP_HTTP_Requests_Response Object
        (
            [response:protected] => Requests_Response Object
                (
                    [body] => <?xml version="1.0" encoding="ISO-8859-1" standalone="yes"?><errors><error><code>53022</code><message>shipping address postal code is required.</message></error><error><code>53026</code><message>shipping address number is required.</message></error><error><code>53035</code><message>shipping address country is required.</message></error><error><code>53031</code><message>shipping address city is required.</message></error><error><code>53029</code><message>shipping address district is required.</message></error><error><code>53024</code><message>shipping address street is required.</message></error><error><code>53033</code><message>shipping address state is required.</message></error><error><code>53060</code><message>billing address district is required.</message></error><error><code>53053</code><message>billing address postal code is required.</message></error><error><code>53055</code><message>billing address street is required.</message></error><error><code>53062</code><message>billing address city is required.</message></error><error><code>53064</code><message>billing address state is required.</message></error></errors>
                    [raw] => HTTP/1.1 400 Bad Request
Content-Type: application/xml;charset=ISO-8859-1
Content-Length: 1137
Connection: close
Date: Wed, 11 Aug 2021 12:41:49 GMT
Cache-Control: max-age=180
Expires: Wed, 11 Aug 2021 12:44:48 GMT
Server: Apache-Coyote/1.1
Vary: Accept-Encoding,User-Agent
X-Cache: Error from cloudfront
Via: 1.1 59d6f4cc9bf66b7389662cc7f6d33f70.cloudfront.net (CloudFront)
X-Amz-Cf-Pop: CDG50-C2
X-Amz-Cf-Id: TS7VORtouNmXRUqrf48Jz0KeNHrmyfQVHhqPRotDHYJzdET8iyC1ZQ==

<?xml version="1.0" encoding="ISO-8859-1" standalone="yes"?><errors><error><code>53022</code><message>shipping address postal code is required.</message></error><error><code>53026</code><message>shipping address number is required.</message></error><error><code>53035</code><message>shipping address country is required.</message></error><error><code>53031</code><message>shipping address city is required.</message></error><error><code>53029</code><message>shipping address district is required.</message></error><error><code>53024</code><message>shipping address street is required.</message></error><error><code>53033</code><message>shipping address state is required.</message></error><error><code>53060</code><message>billing address district is required.</message></error><error><code>53053</code><message>billing address postal code is required.</message></error><error><code>53055</code><message>billing address street is required.</message></error><error><code>53062</code><message>billing address city is required.</message></error><error><code>53064</code><message>billing address state is required.</message></error></errors>
                    [headers] => Requests_Response_Headers Object
                        (
                            [data:protected] => Array
                                (
                                    [content-type] => Array
                                        (
                                            [0] => application/xml;charset=ISO-8859-1
                                        )

                                    [content-length] => Array
                                        (
                                            [0] => 1137
                                        )

                                    [date] => Array
                                        (
                                            [0] => Wed, 11 Aug 2021 12:41:49 GMT
                                        )

                                    [cache-control] => Array
                                        (
                                            [0] => max-age=180
                                        )

                                    [expires] => Array
                                        (
                                            [0] => Wed, 11 Aug 2021 12:44:48 GMT
                                        )

                                    [server] => Array
                                        (
                                            [0] => Apache-Coyote/1.1
                                        )

                                    [vary] => Array
                                        (
                                            [0] => Accept-Encoding,User-Agent
                                        )

                                    [x-cache] => Array
                                        (
                                            [0] => Error from cloudfront
                                        )

                                    [via] => Array
                                        (
                                            [0] => 1.1 59d6f4cc9bf66b7389662cc7f6d33f70.cloudfront.net (CloudFront)
                                        )

                                    [x-amz-cf-pop] => Array
                                        (
                                            [0] => CDG50-C2
                                        )

                                    [x-amz-cf-id] => Array
                                        (
                                            [0] => TS7VORtouNmXRUqrf48Jz0KeNHrmyfQVHhqPRotDHYJzdET8iyC1ZQ==
                                        )

                                )

                        )

                    [status_code] => 400
                    [protocol_version] => 1.1
                    [success] => 
                    [redirects] => 0
                    [url] => https://ws.sandbox.pagseguro.uol.com.br/v2/transactions?email=paulohamdan@yahoo.com.br&token=A8FDA21056E344988493C3A71F8548B5
                    [history] => Array
                        (
                        )

                    [cookies] => Requests_Cookie_Jar Object
                        (
                            [cookies:protected] => Array
                                (
                                )

                        )

                )

            [filename:protected] => 
            [data] => 
            [headers] => 
            [status] => 
        )

)

08-11-2021 @ 09:43:27 - Requesting session ID...
08-11-2021 @ 09:43:29 - PagSeguro session is valid! The return is: SimpleXMLElement Object
(
    [id] => a4b3cca3b5824f54807d9eabc432117f
)

08-11-2021 @ 09:48:45 - Requesting session ID...
08-11-2021 @ 09:48:47 - PagSeguro session is valid! The return is: SimpleXMLElement Object
(
    [id] => d5df707a1f90435ca75ebdfd9dd38891
)

08-11-2021 @ 09:49:17 - Requesting session ID...
08-11-2021 @ 09:49:18 - PagSeguro session is valid! The return is: SimpleXMLElement Object
(
    [id] => cf1b52c3e72140deaa7991768731bfc7
)

08-11-2021 @ 09:49:51 - Requesting session ID...
08-11-2021 @ 09:49:52 - PagSeguro session is valid! The return is: SimpleXMLElement Object
(
    [id] => b5975d3f5ff642dab15b04c11cb9c250
)

08-11-2021 @ 09:51:44 - Requesting session ID...
08-11-2021 @ 09:51:46 - PagSeguro session is valid! The return is: SimpleXMLElement Object
(
    [id] => a9d10c0ef60843bc8ea2a8c827506186
)

08-11-2021 @ 09:52:16 - Requesting session ID...
08-11-2021 @ 09:52:17 - PagSeguro session is valid! The return is: SimpleXMLElement Object
(
    [id] => 62fb7d79192f492d97edd6db2db2f960
)

08-11-2021 @ 09:52:42 - Requesting session ID...
08-11-2021 @ 09:52:59 - PagSeguro session is valid! The return is: SimpleXMLElement Object
(
    [id] => 395d30c3b0b64e30b1f75270b12592a6
)

08-11-2021 @ 09:54:04 - Requesting direct payment for order 3867 with the following data: <?xml version="1.0" encoding="UTF-8" standalone="yes"?>
<payment>
  <mode>default</mode>
  <method>creditCard</method>
  <currency>BRL</currency>
  <notificationURL><![CDATA[http://localhost/Wordpress/Brasos/wc-api/WC_PagSeguro_Gateway/]]></notificationURL>
  <items>
    <item>
      <id>1</id>
      <description><![CDATA[Médicos e Outros Profissionais de Saúde]]></description>
      <amount>200.00</amount>
      <quantity>1</quantity>
    </item>
  </items>
  <reference><![CDATA[WC-3867]]></reference>
  <sender>
    <email><![CDATA[c50827929427530012794@sandbox.pagseguro.com.br]]></email>
    <documents>
      <document>
        <type>CPF</type>
        <value>35734165867</value>
      </document>
    </documents>
    <name><![CDATA[Claudio Marques]]></name>
    <phone>
      <areaCode>11</areaCode>
      <number>945859677</number>
    </phone>
    <hash>83efefbcc1747194b005347de63577073891a694d33e19d8d0be74cfd5e2991f</hash>
  </sender>
  <shipping>
    <type>3</type>
    <cost>0</cost>
  </shipping>
  <creditCard>
    <token>e69344f8a1834f39a8f28cda3ccd0288</token>
    <installment>
      <quantity>1</quantity>
      <value>200.00</value>
    </installment>
    <holder>
      <name><![CDATA[Claudio Marques]]></name>
      <documents>
        <document>
          <type>CPF</type>
          <value>35734165867</value>
        </document>
      </documents>
      <birthDate>12/12/2030</birthDate>
      <phone>
        <areaCode>11</areaCode>
        <number>945859677</number>
      </phone>
    </holder>
    <billingAddress>
      <street><![CDATA[]]></street>
      <number>340</number>
      <city><![CDATA[]]></city>
      <state/>
      <country>BRA</country>
      <postalCode/>
    </billingAddress>
  </creditCard>
</payment>

08-11-2021 @ 09:54:05 - An error occurred while generating the PagSeguro direct payment: Array
(
    [headers] => Requests_Utility_CaseInsensitiveDictionary Object
        (
            [data:protected] => Array
                (
                    [content-type] => application/xml;charset=ISO-8859-1
                    [content-length] => 1137
                    [date] => Wed, 11 Aug 2021 12:54:05 GMT
                    [cache-control] => max-age=180
                    [expires] => Wed, 11 Aug 2021 12:57:04 GMT
                    [server] => Apache-Coyote/1.1
                    [vary] => Accept-Encoding,User-Agent
                    [x-cache] => Error from cloudfront
                    [via] => 1.1 9946ab784d1328de1a34d3840ab6cea6.cloudfront.net (CloudFront)
                    [x-amz-cf-pop] => CDG3-C1
                    [x-amz-cf-id] => X-wiCf50Jzp8jQ25FYXN3XERrUlxu8bepLYPgRd8hAzxxGPHdanT0w==
                )

        )

    [body] => <?xml version="1.0" encoding="ISO-8859-1" standalone="yes"?><errors><error><code>53031</code><message>shipping address city is required.</message></error><error><code>53035</code><message>shipping address country is required.</message></error><error><code>53033</code><message>shipping address state is required.</message></error><error><code>53022</code><message>shipping address postal code is required.</message></error><error><code>53026</code><message>shipping address number is required.</message></error><error><code>53024</code><message>shipping address street is required.</message></error><error><code>53029</code><message>shipping address district is required.</message></error><error><code>53060</code><message>billing address district is required.</message></error><error><code>53053</code><message>billing address postal code is required.</message></error><error><code>53064</code><message>billing address state is required.</message></error><error><code>53062</code><message>billing address city is required.</message></error><error><code>53055</code><message>billing address street is required.</message></error></errors>
    [response] => Array
        (
            [code] => 400
            [message] => Bad Request
        )

    [cookies] => Array
        (
        )

    [filename] => 
    [http_response] => WP_HTTP_Requests_Response Object
        (
            [response:protected] => Requests_Response Object
                (
                    [body] => <?xml version="1.0" encoding="ISO-8859-1" standalone="yes"?><errors><error><code>53031</code><message>shipping address city is required.</message></error><error><code>53035</code><message>shipping address country is required.</message></error><error><code>53033</code><message>shipping address state is required.</message></error><error><code>53022</code><message>shipping address postal code is required.</message></error><error><code>53026</code><message>shipping address number is required.</message></error><error><code>53024</code><message>shipping address street is required.</message></error><error><code>53029</code><message>shipping address district is required.</message></error><error><code>53060</code><message>billing address district is required.</message></error><error><code>53053</code><message>billing address postal code is required.</message></error><error><code>53064</code><message>billing address state is required.</message></error><error><code>53062</code><message>billing address city is required.</message></error><error><code>53055</code><message>billing address street is required.</message></error></errors>
                    [raw] => HTTP/1.1 400 Bad Request
Content-Type: application/xml;charset=ISO-8859-1
Content-Length: 1137
Connection: close
Date: Wed, 11 Aug 2021 12:54:05 GMT
Cache-Control: max-age=180
Expires: Wed, 11 Aug 2021 12:57:04 GMT
Server: Apache-Coyote/1.1
Vary: Accept-Encoding,User-Agent
X-Cache: Error from cloudfront
Via: 1.1 9946ab784d1328de1a34d3840ab6cea6.cloudfront.net (CloudFront)
X-Amz-Cf-Pop: CDG3-C1
X-Amz-Cf-Id: X-wiCf50Jzp8jQ25FYXN3XERrUlxu8bepLYPgRd8hAzxxGPHdanT0w==

<?xml version="1.0" encoding="ISO-8859-1" standalone="yes"?><errors><error><code>53031</code><message>shipping address city is required.</message></error><error><code>53035</code><message>shipping address country is required.</message></error><error><code>53033</code><message>shipping address state is required.</message></error><error><code>53022</code><message>shipping address postal code is required.</message></error><error><code>53026</code><message>shipping address number is required.</message></error><error><code>53024</code><message>shipping address street is required.</message></error><error><code>53029</code><message>shipping address district is required.</message></error><error><code>53060</code><message>billing address district is required.</message></error><error><code>53053</code><message>billing address postal code is required.</message></error><error><code>53064</code><message>billing address state is required.</message></error><error><code>53062</code><message>billing address city is required.</message></error><error><code>53055</code><message>billing address street is required.</message></error></errors>
                    [headers] => Requests_Response_Headers Object
                        (
                            [data:protected] => Array
                                (
                                    [content-type] => Array
                                        (
                                            [0] => application/xml;charset=ISO-8859-1
                                        )

                                    [content-length] => Array
                                        (
                                            [0] => 1137
                                        )

                                    [date] => Array
                                        (
                                            [0] => Wed, 11 Aug 2021 12:54:05 GMT
                                        )

                                    [cache-control] => Array
                                        (
                                            [0] => max-age=180
                                        )

                                    [expires] => Array
                                        (
                                            [0] => Wed, 11 Aug 2021 12:57:04 GMT
                                        )

                                    [server] => Array
                                        (
                                            [0] => Apache-Coyote/1.1
                                        )

                                    [vary] => Array
                                        (
                                            [0] => Accept-Encoding,User-Agent
                                        )

                                    [x-cache] => Array
                                        (
                                            [0] => Error from cloudfront
                                        )

                                    [via] => Array
                                        (
                                            [0] => 1.1 9946ab784d1328de1a34d3840ab6cea6.cloudfront.net (CloudFront)
                                        )

                                    [x-amz-cf-pop] => Array
                                        (
                                            [0] => CDG3-C1
                                        )

                                    [x-amz-cf-id] => Array
                                        (
                                            [0] => X-wiCf50Jzp8jQ25FYXN3XERrUlxu8bepLYPgRd8hAzxxGPHdanT0w==
                                        )

                                )

                        )

                    [status_code] => 400
                    [protocol_version] => 1.1
                    [success] => 
                    [redirects] => 0
                    [url] => https://ws.sandbox.pagseguro.uol.com.br/v2/transactions?email=paulohamdan@yahoo.com.br&token=A8FDA21056E344988493C3A71F8548B5
                    [history] => Array
                        (
                        )

                    [cookies] => Requests_Cookie_Jar Object
                        (
                            [cookies:protected] => Array
                                (
                                )

                        )

                )

            [filename:protected] => 
            [data] => 
            [headers] => 
            [status] => 
        )

)

08-11-2021 @ 09:55:22 - Requesting session ID...
08-11-2021 @ 09:55:23 - PagSeguro session is valid! The return is: SimpleXMLElement Object
(
    [id] => 6b21471054644d2d9fe0ab1d01a85528
)

08-11-2021 @ 10:02:44 - Requesting session ID...
08-11-2021 @ 10:02:45 - PagSeguro session is valid! The return is: SimpleXMLElement Object
(
    [id] => df5f1e98c73e4b838bd94c11470f4fcc
)

08-11-2021 @ 10:02:51 - Requesting session ID...
08-11-2021 @ 10:02:52 - PagSeguro session is valid! The return is: SimpleXMLElement Object
(
    [id] => 091d69209aa949259161fce3dd8ae2b3
)

08-11-2021 @ 10:03:50 - Requesting session ID...
08-11-2021 @ 10:03:51 - PagSeguro session is valid! The return is: SimpleXMLElement Object
(
    [id] => b15f3e180fd84c948dbec18fe5dcbc56
)

08-11-2021 @ 10:03:55 - Requesting session ID...
08-11-2021 @ 10:03:56 - PagSeguro session is valid! The return is: SimpleXMLElement Object
(
    [id] => 70a7c59eadf841a4a73802e2239365c0
)

08-11-2021 @ 10:04:46 - Requesting session ID...
08-11-2021 @ 10:04:47 - PagSeguro session is valid! The return is: SimpleXMLElement Object
(
    [id] => b0ff20c2714f4a9e9f2693d0336405f6
)

08-11-2021 @ 10:05:28 - Requesting direct payment for order 3868 with the following data: <?xml version="1.0" encoding="UTF-8" standalone="yes"?>
<payment>
  <mode>default</mode>
  <method>creditCard</method>
  <currency>BRL</currency>
  <notificationURL><![CDATA[http://localhost/Wordpress/Brasos/wc-api/WC_PagSeguro_Gateway/]]></notificationURL>
  <items>
    <item>
      <id>1</id>
      <description><![CDATA[Médicos e Outros Profissionais de Saúde]]></description>
      <amount>200.00</amount>
      <quantity>1</quantity>
    </item>
  </items>
  <reference><![CDATA[WC-3868]]></reference>
  <sender>
    <email><![CDATA[c50827929427530012794@sandbox.pagseguro.com.br]]></email>
    <documents>
      <document>
        <type>CPF</type>
        <value>35734165867</value>
      </document>
    </documents>
    <name><![CDATA[Claudio Marques]]></name>
    <phone>
      <areaCode>11</areaCode>
      <number>945859677</number>
    </phone>
    <hash>be1257e80e8cafd3613d3cf543e58993968525a5a197c96f391c33c8f5c7fbf1</hash>
  </sender>
  <shipping>
    <type>3</type>
    <cost>0</cost>
  </shipping>
  <creditCard>
    <token>4e97e4a191734522bda213b898ca8f09</token>
    <installment>
      <quantity>1</quantity>
      <value>200.00</value>
    </installment>
    <holder>
      <name><![CDATA[Claudio Marques]]></name>
      <documents>
        <document>
          <type>CPF</type>
          <value>35734165867</value>
        </document>
      </documents>
      <birthDate>12/12/2005</birthDate>
      <phone>
        <areaCode>11</areaCode>
        <number>945859677</number>
      </phone>
    </holder>
    <billingAddress>
      <street><![CDATA[]]></street>
      <city><![CDATA[]]></city>
      <state/>
      <country>BRA</country>
      <postalCode/>
    </billingAddress>
  </creditCard>
</payment>

08-11-2021 @ 10:05:30 - An error occurred while generating the PagSeguro direct payment: Array
(
    [headers] => Requests_Utility_CaseInsensitiveDictionary Object
        (
            [data:protected] => Array
                (
                    [content-type] => application/xml;charset=ISO-8859-1
                    [content-length] => 1224
                    [date] => Wed, 11 Aug 2021 13:05:30 GMT
                    [cache-control] => max-age=180
                    [expires] => Wed, 11 Aug 2021 13:08:29 GMT
                    [server] => Apache-Coyote/1.1
                    [vary] => Accept-Encoding,User-Agent
                    [x-cache] => Error from cloudfront
                    [via] => 1.1 7637a62973d8d496eb6956a2114d44ba.cloudfront.net (CloudFront)
                    [x-amz-cf-pop] => CDG3-C1
                    [x-amz-cf-id] => XKlIz5ITp_EaaJrbDW1VLalkttNifUqkLaPoDzEC_vb5OGdfYq5tdg==
                )

        )

    [body] => <?xml version="1.0" encoding="ISO-8859-1" standalone="yes"?><errors><error><code>53022</code><message>shipping address postal code is required.</message></error><error><code>53029</code><message>shipping address district is required.</message></error><error><code>53026</code><message>shipping address number is required.</message></error><error><code>53031</code><message>shipping address city is required.</message></error><error><code>53033</code><message>shipping address state is required.</message></error><error><code>53035</code><message>shipping address country is required.</message></error><error><code>53024</code><message>shipping address street is required.</message></error><error><code>53057</code><message>billing address number is required.</message></error><error><code>53060</code><message>billing address district is required.</message></error><error><code>53053</code><message>billing address postal code is required.</message></error><error><code>53055</code><message>billing address street is required.</message></error><error><code>53064</code><message>billing address state is required.</message></error><error><code>53062</code><message>billing address city is required.</message></error></errors>
    [response] => Array
        (
            [code] => 400
            [message] => Bad Request
        )

    [cookies] => Array
        (
        )

    [filename] => 
    [http_response] => WP_HTTP_Requests_Response Object
        (
            [response:protected] => Requests_Response Object
                (
                    [body] => <?xml version="1.0" encoding="ISO-8859-1" standalone="yes"?><errors><error><code>53022</code><message>shipping address postal code is required.</message></error><error><code>53029</code><message>shipping address district is required.</message></error><error><code>53026</code><message>shipping address number is required.</message></error><error><code>53031</code><message>shipping address city is required.</message></error><error><code>53033</code><message>shipping address state is required.</message></error><error><code>53035</code><message>shipping address country is required.</message></error><error><code>53024</code><message>shipping address street is required.</message></error><error><code>53057</code><message>billing address number is required.</message></error><error><code>53060</code><message>billing address district is required.</message></error><error><code>53053</code><message>billing address postal code is required.</message></error><error><code>53055</code><message>billing address street is required.</message></error><error><code>53064</code><message>billing address state is required.</message></error><error><code>53062</code><message>billing address city is required.</message></error></errors>
                    [raw] => HTTP/1.1 400 Bad Request
Content-Type: application/xml;charset=ISO-8859-1
Content-Length: 1224
Connection: close
Date: Wed, 11 Aug 2021 13:05:30 GMT
Cache-Control: max-age=180
Expires: Wed, 11 Aug 2021 13:08:29 GMT
Server: Apache-Coyote/1.1
Vary: Accept-Encoding,User-Agent
X-Cache: Error from cloudfront
Via: 1.1 7637a62973d8d496eb6956a2114d44ba.cloudfront.net (CloudFront)
X-Amz-Cf-Pop: CDG3-C1
X-Amz-Cf-Id: XKlIz5ITp_EaaJrbDW1VLalkttNifUqkLaPoDzEC_vb5OGdfYq5tdg==

<?xml version="1.0" encoding="ISO-8859-1" standalone="yes"?><errors><error><code>53022</code><message>shipping address postal code is required.</message></error><error><code>53029</code><message>shipping address district is required.</message></error><error><code>53026</code><message>shipping address number is required.</message></error><error><code>53031</code><message>shipping address city is required.</message></error><error><code>53033</code><message>shipping address state is required.</message></error><error><code>53035</code><message>shipping address country is required.</message></error><error><code>53024</code><message>shipping address street is required.</message></error><error><code>53057</code><message>billing address number is required.</message></error><error><code>53060</code><message>billing address district is required.</message></error><error><code>53053</code><message>billing address postal code is required.</message></error><error><code>53055</code><message>billing address street is required.</message></error><error><code>53064</code><message>billing address state is required.</message></error><error><code>53062</code><message>billing address city is required.</message></error></errors>
                    [headers] => Requests_Response_Headers Object
                        (
                            [data:protected] => Array
                                (
                                    [content-type] => Array
                                        (
                                            [0] => application/xml;charset=ISO-8859-1
                                        )

                                    [content-length] => Array
                                        (
                                            [0] => 1224
                                        )

                                    [date] => Array
                                        (
                                            [0] => Wed, 11 Aug 2021 13:05:30 GMT
                                        )

                                    [cache-control] => Array
                                        (
                                            [0] => max-age=180
                                        )

                                    [expires] => Array
                                        (
                                            [0] => Wed, 11 Aug 2021 13:08:29 GMT
                                        )

                                    [server] => Array
                                        (
                                            [0] => Apache-Coyote/1.1
                                        )

                                    [vary] => Array
                                        (
                                            [0] => Accept-Encoding,User-Agent
                                        )

                                    [x-cache] => Array
                                        (
                                            [0] => Error from cloudfront
                                        )

                                    [via] => Array
                                        (
                                            [0] => 1.1 7637a62973d8d496eb6956a2114d44ba.cloudfront.net (CloudFront)
                                        )

                                    [x-amz-cf-pop] => Array
                                        (
                                            [0] => CDG3-C1
                                        )

                                    [x-amz-cf-id] => Array
                                        (
                                            [0] => XKlIz5ITp_EaaJrbDW1VLalkttNifUqkLaPoDzEC_vb5OGdfYq5tdg==
                                        )

                                )

                        )

                    [status_code] => 400
                    [protocol_version] => 1.1
                    [success] => 
                    [redirects] => 0
                    [url] => https://ws.sandbox.pagseguro.uol.com.br/v2/transactions?email=paulohamdan@yahoo.com.br&token=A8FDA21056E344988493C3A71F8548B5
                    [history] => Array
                        (
                        )

                    [cookies] => Requests_Cookie_Jar Object
                        (
                            [cookies:protected] => Array
                                (
                                )

                        )

                )

            [filename:protected] => 
            [data] => 
            [headers] => 
            [status] => 
        )

)

08-11-2021 @ 10:10:27 - Requesting session ID...
08-11-2021 @ 10:10:29 - PagSeguro session is valid! The return is: SimpleXMLElement Object
(
    [id] => cbb13d134bc24e1b9f6d8ab3c2a6a825
)

08-11-2021 @ 10:11:42 - Requesting session ID...
08-11-2021 @ 10:11:44 - PagSeguro session is valid! The return is: SimpleXMLElement Object
(
    [id] => 11eb373c1402471f9ebb426ce19b1539
)

08-11-2021 @ 10:16:26 - Requesting direct payment for order 3868 with the following data: <?xml version="1.0" encoding="UTF-8" standalone="yes"?>
<payment>
  <mode>default</mode>
  <method>creditCard</method>
  <currency>BRL</currency>
  <notificationURL><![CDATA[http://localhost/Wordpress/Brasos/wc-api/WC_PagSeguro_Gateway/]]></notificationURL>
  <items>
    <item>
      <id>1</id>
      <description><![CDATA[Médicos e Outros Profissionais de Saúde]]></description>
      <amount>200.00</amount>
      <quantity>1</quantity>
    </item>
  </items>
  <reference><![CDATA[WC-3868]]></reference>
  <sender>
    <email><![CDATA[c50827929427530012794@sandbox.pagseguro.com.br]]></email>
    <documents>
      <document>
        <type>CPF</type>
        <value>35734165867</value>
      </document>
    </documents>
    <name><![CDATA[Claudio Marques]]></name>
    <phone>
      <areaCode>11</areaCode>
      <number>945859677</number>
    </phone>
    <hash>9b75e38e032cddee15da54482164e41c0fd308736ade149c52e903ffb20221dd</hash>
  </sender>
  <shipping>
    <type>3</type>
    <cost>0</cost>
  </shipping>
  <creditCard>
    <token>bd2da6747e5d4beea2e97441ac32e89c</token>
    <installment>
      <quantity>1</quantity>
      <value>200.00</value>
    </installment>
    <holder>
      <name><![CDATA[Claudio Marques]]></name>
      <documents>
        <document>
          <type>CPF</type>
          <value>35734165867</value>
        </document>
      </documents>
      <birthDate>12/12/2005</birthDate>
      <phone>
        <areaCode>11</areaCode>
        <number>945859677</number>
      </phone>
    </holder>
    <billingAddress>
      <street><![CDATA[]]></street>
      <city><![CDATA[]]></city>
      <state/>
      <country>BRA</country>
      <postalCode/>
    </billingAddress>
  </creditCard>
</payment>

08-11-2021 @ 10:16:27 - An error occurred while generating the PagSeguro direct payment: Array
(
    [headers] => Requests_Utility_CaseInsensitiveDictionary Object
        (
            [data:protected] => Array
                (
                    [content-type] => application/xml;charset=ISO-8859-1
                    [content-length] => 1224
                    [date] => Wed, 11 Aug 2021 13:16:27 GMT
                    [cache-control] => max-age=180
                    [expires] => Wed, 11 Aug 2021 13:19:26 GMT
                    [server] => Apache-Coyote/1.1
                    [vary] => Accept-Encoding,User-Agent
                    [x-cache] => Error from cloudfront
                    [via] => 1.1 2cfc72c194ecdf9e262154c7da73cd1b.cloudfront.net (CloudFront)
                    [x-amz-cf-pop] => CDG3-C1
                    [x-amz-cf-id] => FCELe92sa7nb7xA2W6auTHV0u6qmtjw6eXOT2sET4df3nE4ichcJ-A==
                )

        )

    [body] => <?xml version="1.0" encoding="ISO-8859-1" standalone="yes"?><errors><error><code>53026</code><message>shipping address number is required.</message></error><error><code>53035</code><message>shipping address country is required.</message></error><error><code>53033</code><message>shipping address state is required.</message></error><error><code>53024</code><message>shipping address street is required.</message></error><error><code>53031</code><message>shipping address city is required.</message></error><error><code>53029</code><message>shipping address district is required.</message></error><error><code>53022</code><message>shipping address postal code is required.</message></error><error><code>53057</code><message>billing address number is required.</message></error><error><code>53060</code><message>billing address district is required.</message></error><error><code>53053</code><message>billing address postal code is required.</message></error><error><code>53055</code><message>billing address street is required.</message></error><error><code>53062</code><message>billing address city is required.</message></error><error><code>53064</code><message>billing address state is required.</message></error></errors>
    [response] => Array
        (
            [code] => 400
            [message] => Bad Request
        )

    [cookies] => Array
        (
        )

    [filename] => 
    [http_response] => WP_HTTP_Requests_Response Object
        (
            [response:protected] => Requests_Response Object
                (
                    [body] => <?xml version="1.0" encoding="ISO-8859-1" standalone="yes"?><errors><error><code>53026</code><message>shipping address number is required.</message></error><error><code>53035</code><message>shipping address country is required.</message></error><error><code>53033</code><message>shipping address state is required.</message></error><error><code>53024</code><message>shipping address street is required.</message></error><error><code>53031</code><message>shipping address city is required.</message></error><error><code>53029</code><message>shipping address district is required.</message></error><error><code>53022</code><message>shipping address postal code is required.</message></error><error><code>53057</code><message>billing address number is required.</message></error><error><code>53060</code><message>billing address district is required.</message></error><error><code>53053</code><message>billing address postal code is required.</message></error><error><code>53055</code><message>billing address street is required.</message></error><error><code>53062</code><message>billing address city is required.</message></error><error><code>53064</code><message>billing address state is required.</message></error></errors>
                    [raw] => HTTP/1.1 400 Bad Request
Content-Type: application/xml;charset=ISO-8859-1
Content-Length: 1224
Connection: close
Date: Wed, 11 Aug 2021 13:16:27 GMT
Cache-Control: max-age=180
Expires: Wed, 11 Aug 2021 13:19:26 GMT
Server: Apache-Coyote/1.1
Vary: Accept-Encoding,User-Agent
X-Cache: Error from cloudfront
Via: 1.1 2cfc72c194ecdf9e262154c7da73cd1b.cloudfront.net (CloudFront)
X-Amz-Cf-Pop: CDG3-C1
X-Amz-Cf-Id: FCELe92sa7nb7xA2W6auTHV0u6qmtjw6eXOT2sET4df3nE4ichcJ-A==

<?xml version="1.0" encoding="ISO-8859-1" standalone="yes"?><errors><error><code>53026</code><message>shipping address number is required.</message></error><error><code>53035</code><message>shipping address country is required.</message></error><error><code>53033</code><message>shipping address state is required.</message></error><error><code>53024</code><message>shipping address street is required.</message></error><error><code>53031</code><message>shipping address city is required.</message></error><error><code>53029</code><message>shipping address district is required.</message></error><error><code>53022</code><message>shipping address postal code is required.</message></error><error><code>53057</code><message>billing address number is required.</message></error><error><code>53060</code><message>billing address district is required.</message></error><error><code>53053</code><message>billing address postal code is required.</message></error><error><code>53055</code><message>billing address street is required.</message></error><error><code>53062</code><message>billing address city is required.</message></error><error><code>53064</code><message>billing address state is required.</message></error></errors>
                    [headers] => Requests_Response_Headers Object
                        (
                            [data:protected] => Array
                                (
                                    [content-type] => Array
                                        (
                                            [0] => application/xml;charset=ISO-8859-1
                                        )

                                    [content-length] => Array
                                        (
                                            [0] => 1224
                                        )

                                    [date] => Array
                                        (
                                            [0] => Wed, 11 Aug 2021 13:16:27 GMT
                                        )

                                    [cache-control] => Array
                                        (
                                            [0] => max-age=180
                                        )

                                    [expires] => Array
                                        (
                                            [0] => Wed, 11 Aug 2021 13:19:26 GMT
                                        )

                                    [server] => Array
                                        (
                                            [0] => Apache-Coyote/1.1
                                        )

                                    [vary] => Array
                                        (
                                            [0] => Accept-Encoding,User-Agent
                                        )

                                    [x-cache] => Array
                                        (
                                            [0] => Error from cloudfront
                                        )

                                    [via] => Array
                                        (
                                            [0] => 1.1 2cfc72c194ecdf9e262154c7da73cd1b.cloudfront.net (CloudFront)
                                        )

                                    [x-amz-cf-pop] => Array
                                        (
                                            [0] => CDG3-C1
                                        )

                                    [x-amz-cf-id] => Array
                                        (
                                            [0] => FCELe92sa7nb7xA2W6auTHV0u6qmtjw6eXOT2sET4df3nE4ichcJ-A==
                                        )

                                )

                        )

                    [status_code] => 400
                    [protocol_version] => 1.1
                    [success] => 
                    [redirects] => 0
                    [url] => https://ws.sandbox.pagseguro.uol.com.br/v2/transactions?email=paulohamdan@yahoo.com.br&token=A8FDA21056E344988493C3A71F8548B5
                    [history] => Array
                        (
                        )

                    [cookies] => Requests_Cookie_Jar Object
                        (
                            [cookies:protected] => Array
                                (
                                )

                        )

                )

            [filename:protected] => 
            [data] => 
            [headers] => 
            [status] => 
        )

)

08-11-2021 @ 10:20:43 - Requesting session ID...
08-11-2021 @ 10:20:45 - PagSeguro session is valid! The return is: SimpleXMLElement Object
(
    [id] => 2291db9c91884993b3a1eff5aa4d3442
)

08-11-2021 @ 10:21:14 - Requesting direct payment for order 3868 with the following data: <?xml version="1.0" encoding="UTF-8" standalone="yes"?>
<payment>
  <mode>default</mode>
  <method>creditCard</method>
  <currency>BRL</currency>
  <notificationURL><![CDATA[http://localhost/Wordpress/Brasos/wc-api/WC_PagSeguro_Gateway/]]></notificationURL>
  <items>
    <item>
      <id>1</id>
      <description><![CDATA[Médicos e Outros Profissionais de Saúde]]></description>
      <amount>200.00</amount>
      <quantity>1</quantity>
    </item>
  </items>
  <reference><![CDATA[WC-3868]]></reference>
  <sender>
    <email><![CDATA[c50827929427530012794@sandbox.pagseguro.com.br]]></email>
    <documents>
      <document>
        <type>CPF</type>
        <value>35734165867</value>
      </document>
    </documents>
    <name><![CDATA[Claudio Marques]]></name>
    <phone>
      <areaCode>11</areaCode>
      <number>945859677</number>
    </phone>
    <hash>7a0c5399be0aa895730bcff67dbf6764871248641886ce073cf8a904f781afff</hash>
  </sender>
  <shipping>
    <type>3</type>
    <cost>0</cost>
  </shipping>
  <creditCard>
    <token>7ec553c8c6404e9cae335a4b6642d663</token>
    <installment>
      <quantity>1</quantity>
      <value>200.00</value>
    </installment>
    <holder>
      <name><![CDATA[Claudio Marques]]></name>
      <documents>
        <document>
          <type>CPF</type>
          <value>35734165867</value>
        </document>
      </documents>
      <birthDate>12/20/30</birthDate>
      <phone>
        <areaCode>11</areaCode>
        <number>945859677</number>
      </phone>
    </holder>
    <billingAddress>
      <street><![CDATA[]]></street>
      <city><![CDATA[]]></city>
      <state/>
      <country>BRA</country>
      <postalCode/>
    </billingAddress>
  </creditCard>
</payment>

08-11-2021 @ 10:21:15 - An error occurred while generating the PagSeguro direct payment: Array
(
    [headers] => Requests_Utility_CaseInsensitiveDictionary Object
        (
            [data:protected] => Array
                (
                    [content-type] => application/xml;charset=ISO-8859-1
                    [content-length] => 1328
                    [date] => Wed, 11 Aug 2021 13:21:15 GMT
                    [cache-control] => max-age=180
                    [expires] => Wed, 11 Aug 2021 13:24:14 GMT
                    [server] => Apache-Coyote/1.1
                    [vary] => Accept-Encoding,User-Agent
                    [x-cache] => Error from cloudfront
                    [via] => 1.1 1583dd4563b42cf721504d3588d732ee.cloudfront.net (CloudFront)
                    [x-amz-cf-pop] => CDG50-C2
                    [x-amz-cf-id] => tUm3xajHaFRuy7tCabVjb52ajfHo3u4JEV_zFJsNUubPvgQgvyZZCQ==
                )

        )

    [body] => <?xml version="1.0" encoding="ISO-8859-1" standalone="yes"?><errors><error><code>53035</code><message>shipping address country is required.</message></error><error><code>53033</code><message>shipping address state is required.</message></error><error><code>53022</code><message>shipping address postal code is required.</message></error><error><code>53031</code><message>shipping address city is required.</message></error><error><code>53026</code><message>shipping address number is required.</message></error><error><code>53024</code><message>shipping address street is required.</message></error><error><code>53029</code><message>shipping address district is required.</message></error><error><code>53057</code><message>billing address number is required.</message></error><error><code>53060</code><message>billing address district is required.</message></error><error><code>53062</code><message>billing address city is required.</message></error><error><code>53053</code><message>billing address postal code is required.</message></error><error><code>53055</code><message>billing address street is required.</message></error><error><code>53064</code><message>billing address state is required.</message></error><error><code>53048</code><message>credit card holder birthdate invalid value: 12/20/30</message></error></errors>
    [response] => Array
        (
            [code] => 400
            [message] => Bad Request
        )

    [cookies] => Array
        (
        )

    [filename] => 
    [http_response] => WP_HTTP_Requests_Response Object
        (
            [response:protected] => Requests_Response Object
                (
                    [body] => <?xml version="1.0" encoding="ISO-8859-1" standalone="yes"?><errors><error><code>53035</code><message>shipping address country is required.</message></error><error><code>53033</code><message>shipping address state is required.</message></error><error><code>53022</code><message>shipping address postal code is required.</message></error><error><code>53031</code><message>shipping address city is required.</message></error><error><code>53026</code><message>shipping address number is required.</message></error><error><code>53024</code><message>shipping address street is required.</message></error><error><code>53029</code><message>shipping address district is required.</message></error><error><code>53057</code><message>billing address number is required.</message></error><error><code>53060</code><message>billing address district is required.</message></error><error><code>53062</code><message>billing address city is required.</message></error><error><code>53053</code><message>billing address postal code is required.</message></error><error><code>53055</code><message>billing address street is required.</message></error><error><code>53064</code><message>billing address state is required.</message></error><error><code>53048</code><message>credit card holder birthdate invalid value: 12/20/30</message></error></errors>
                    [raw] => HTTP/1.1 400 Bad Request
Content-Type: application/xml;charset=ISO-8859-1
Content-Length: 1328
Connection: close
Date: Wed, 11 Aug 2021 13:21:15 GMT
Cache-Control: max-age=180
Expires: Wed, 11 Aug 2021 13:24:14 GMT
Server: Apache-Coyote/1.1
Vary: Accept-Encoding,User-Agent
X-Cache: Error from cloudfront
Via: 1.1 1583dd4563b42cf721504d3588d732ee.cloudfront.net (CloudFront)
X-Amz-Cf-Pop: CDG50-C2
X-Amz-Cf-Id: tUm3xajHaFRuy7tCabVjb52ajfHo3u4JEV_zFJsNUubPvgQgvyZZCQ==

<?xml version="1.0" encoding="ISO-8859-1" standalone="yes"?><errors><error><code>53035</code><message>shipping address country is required.</message></error><error><code>53033</code><message>shipping address state is required.</message></error><error><code>53022</code><message>shipping address postal code is required.</message></error><error><code>53031</code><message>shipping address city is required.</message></error><error><code>53026</code><message>shipping address number is required.</message></error><error><code>53024</code><message>shipping address street is required.</message></error><error><code>53029</code><message>shipping address district is required.</message></error><error><code>53057</code><message>billing address number is required.</message></error><error><code>53060</code><message>billing address district is required.</message></error><error><code>53062</code><message>billing address city is required.</message></error><error><code>53053</code><message>billing address postal code is required.</message></error><error><code>53055</code><message>billing address street is required.</message></error><error><code>53064</code><message>billing address state is required.</message></error><error><code>53048</code><message>credit card holder birthdate invalid value: 12/20/30</message></error></errors>
                    [headers] => Requests_Response_Headers Object
                        (
                            [data:protected] => Array
                                (
                                    [content-type] => Array
                                        (
                                            [0] => application/xml;charset=ISO-8859-1
                                        )

                                    [content-length] => Array
                                        (
                                            [0] => 1328
                                        )

                                    [date] => Array
                                        (
                                            [0] => Wed, 11 Aug 2021 13:21:15 GMT
                                        )

                                    [cache-control] => Array
                                        (
                                            [0] => max-age=180
                                        )

                                    [expires] => Array
                                        (
                                            [0] => Wed, 11 Aug 2021 13:24:14 GMT
                                        )

                                    [server] => Array
                                        (
                                            [0] => Apache-Coyote/1.1
                                        )

                                    [vary] => Array
                                        (
                                            [0] => Accept-Encoding,User-Agent
                                        )

                                    [x-cache] => Array
                                        (
                                            [0] => Error from cloudfront
                                        )

                                    [via] => Array
                                        (
                                            [0] => 1.1 1583dd4563b42cf721504d3588d732ee.cloudfront.net (CloudFront)
                                        )

                                    [x-amz-cf-pop] => Array
                                        (
                                            [0] => CDG50-C2
                                        )

                                    [x-amz-cf-id] => Array
                                        (
                                            [0] => tUm3xajHaFRuy7tCabVjb52ajfHo3u4JEV_zFJsNUubPvgQgvyZZCQ==
                                        )

                                )

                        )

                    [status_code] => 400
                    [protocol_version] => 1.1
                    [success] => 
                    [redirects] => 0
                    [url] => https://ws.sandbox.pagseguro.uol.com.br/v2/transactions?email=paulohamdan@yahoo.com.br&token=A8FDA21056E344988493C3A71F8548B5
                    [history] => Array
                        (
                        )

                    [cookies] => Requests_Cookie_Jar Object
                        (
                            [cookies:protected] => Array
                                (
                                )

                        )

                )

            [filename:protected] => 
            [data] => 
            [headers] => 
            [status] => 
        )

)

08-11-2021 @ 10:38:37 - Requesting session ID...
08-11-2021 @ 10:38:38 - PagSeguro session is valid! The return is: SimpleXMLElement Object
(
    [id] => accbed81d6804b088ddd19caf11445e0
)

08-11-2021 @ 10:39:12 - Requesting direct payment for order 3869 with the following data: <?xml version="1.0" encoding="UTF-8" standalone="yes"?>
<payment>
  <mode>default</mode>
  <method>creditCard</method>
  <currency>BRL</currency>
  <notificationURL><![CDATA[http://localhost/Wordpress/Brasos/wc-api/WC_PagSeguro_Gateway/]]></notificationURL>
  <items>
    <item>
      <id>1</id>
      <description><![CDATA[Médicos Residentes]]></description>
      <amount>160.00</amount>
      <quantity>1</quantity>
    </item>
  </items>
  <reference><![CDATA[WC-3869]]></reference>
  <sender>
    <email><![CDATA[c50827929427530012794@sandbox.pagseguro.com.br]]></email>
    <documents>
      <document>
        <type>CPF</type>
        <value>35734165867</value>
      </document>
    </documents>
    <name><![CDATA[Claudio Marques]]></name>
    <phone>
      <areaCode>11</areaCode>
      <number>945859677</number>
    </phone>
    <hash>d796747117b96c4671e4bce9bb82ea94a759c9e6f5a220b4b049137c5604148e</hash>
  </sender>
  <shipping>
    <type>3</type>
    <cost>0</cost>
  </shipping>
  <creditCard>
    <token>df0da0b333594cb0a0df6b5e0d9c6b76</token>
    <installment>
      <quantity>1</quantity>
      <value>160.00</value>
    </installment>
    <holder>
      <name><![CDATA[Claudio Marques]]></name>
      <documents>
        <document>
          <type>CPF</type>
          <value>35734165867</value>
        </document>
      </documents>
      <birthDate>12/12/2005</birthDate>
      <phone>
        <areaCode>11</areaCode>
        <number>945859677</number>
      </phone>
    </holder>
    <billingAddress>
      <street><![CDATA[]]></street>
      <city><![CDATA[]]></city>
      <state/>
      <country>BRA</country>
      <postalCode/>
    </billingAddress>
  </creditCard>
</payment>

08-11-2021 @ 10:39:14 - An error occurred while generating the PagSeguro direct payment: Array
(
    [headers] => Requests_Utility_CaseInsensitiveDictionary Object
        (
            [data:protected] => Array
                (
                    [content-type] => application/xml;charset=ISO-8859-1
                    [content-length] => 1224
                    [date] => Wed, 11 Aug 2021 13:39:14 GMT
                    [cache-control] => max-age=180
                    [expires] => Wed, 11 Aug 2021 13:42:13 GMT
                    [server] => Apache-Coyote/1.1
                    [vary] => Accept-Encoding,User-Agent
                    [x-cache] => Error from cloudfront
                    [via] => 1.1 97b63effdcb60825f821df922441529d.cloudfront.net (CloudFront)
                    [x-amz-cf-pop] => CDG50-C2
                    [x-amz-cf-id] => O5hoDote7k4_XHGw7K2f1GQTvp8m74pdbaAP6IUWZt8CMW0mC8V9UQ==
                )

        )

    [body] => <?xml version="1.0" encoding="ISO-8859-1" standalone="yes"?><errors><error><code>53022</code><message>shipping address postal code is required.</message></error><error><code>53031</code><message>shipping address city is required.</message></error><error><code>53026</code><message>shipping address number is required.</message></error><error><code>53029</code><message>shipping address district is required.</message></error><error><code>53024</code><message>shipping address street is required.</message></error><error><code>53035</code><message>shipping address country is required.</message></error><error><code>53033</code><message>shipping address state is required.</message></error><error><code>53057</code><message>billing address number is required.</message></error><error><code>53060</code><message>billing address district is required.</message></error><error><code>53055</code><message>billing address street is required.</message></error><error><code>53062</code><message>billing address city is required.</message></error><error><code>53053</code><message>billing address postal code is required.</message></error><error><code>53064</code><message>billing address state is required.</message></error></errors>
    [response] => Array
        (
            [code] => 400
            [message] => Bad Request
        )

    [cookies] => Array
        (
        )

    [filename] => 
    [http_response] => WP_HTTP_Requests_Response Object
        (
            [response:protected] => Requests_Response Object
                (
                    [body] => <?xml version="1.0" encoding="ISO-8859-1" standalone="yes"?><errors><error><code>53022</code><message>shipping address postal code is required.</message></error><error><code>53031</code><message>shipping address city is required.</message></error><error><code>53026</code><message>shipping address number is required.</message></error><error><code>53029</code><message>shipping address district is required.</message></error><error><code>53024</code><message>shipping address street is required.</message></error><error><code>53035</code><message>shipping address country is required.</message></error><error><code>53033</code><message>shipping address state is required.</message></error><error><code>53057</code><message>billing address number is required.</message></error><error><code>53060</code><message>billing address district is required.</message></error><error><code>53055</code><message>billing address street is required.</message></error><error><code>53062</code><message>billing address city is required.</message></error><error><code>53053</code><message>billing address postal code is required.</message></error><error><code>53064</code><message>billing address state is required.</message></error></errors>
                    [raw] => HTTP/1.1 400 Bad Request
Content-Type: application/xml;charset=ISO-8859-1
Content-Length: 1224
Connection: close
Date: Wed, 11 Aug 2021 13:39:14 GMT
Cache-Control: max-age=180
Expires: Wed, 11 Aug 2021 13:42:13 GMT
Server: Apache-Coyote/1.1
Vary: Accept-Encoding,User-Agent
X-Cache: Error from cloudfront
Via: 1.1 97b63effdcb60825f821df922441529d.cloudfront.net (CloudFront)
X-Amz-Cf-Pop: CDG50-C2
X-Amz-Cf-Id: O5hoDote7k4_XHGw7K2f1GQTvp8m74pdbaAP6IUWZt8CMW0mC8V9UQ==

<?xml version="1.0" encoding="ISO-8859-1" standalone="yes"?><errors><error><code>53022</code><message>shipping address postal code is required.</message></error><error><code>53031</code><message>shipping address city is required.</message></error><error><code>53026</code><message>shipping address number is required.</message></error><error><code>53029</code><message>shipping address district is required.</message></error><error><code>53024</code><message>shipping address street is required.</message></error><error><code>53035</code><message>shipping address country is required.</message></error><error><code>53033</code><message>shipping address state is required.</message></error><error><code>53057</code><message>billing address number is required.</message></error><error><code>53060</code><message>billing address district is required.</message></error><error><code>53055</code><message>billing address street is required.</message></error><error><code>53062</code><message>billing address city is required.</message></error><error><code>53053</code><message>billing address postal code is required.</message></error><error><code>53064</code><message>billing address state is required.</message></error></errors>
                    [headers] => Requests_Response_Headers Object
                        (
                            [data:protected] => Array
                                (
                                    [content-type] => Array
                                        (
                                            [0] => application/xml;charset=ISO-8859-1
                                        )

                                    [content-length] => Array
                                        (
                                            [0] => 1224
                                        )

                                    [date] => Array
                                        (
                                            [0] => Wed, 11 Aug 2021 13:39:14 GMT
                                        )

                                    [cache-control] => Array
                                        (
                                            [0] => max-age=180
                                        )

                                    [expires] => Array
                                        (
                                            [0] => Wed, 11 Aug 2021 13:42:13 GMT
                                        )

                                    [server] => Array
                                        (
                                            [0] => Apache-Coyote/1.1
                                        )

                                    [vary] => Array
                                        (
                                            [0] => Accept-Encoding,User-Agent
                                        )

                                    [x-cache] => Array
                                        (
                                            [0] => Error from cloudfront
                                        )

                                    [via] => Array
                                        (
                                            [0] => 1.1 97b63effdcb60825f821df922441529d.cloudfront.net (CloudFront)
                                        )

                                    [x-amz-cf-pop] => Array
                                        (
                                            [0] => CDG50-C2
                                        )

                                    [x-amz-cf-id] => Array
                                        (
                                            [0] => O5hoDote7k4_XHGw7K2f1GQTvp8m74pdbaAP6IUWZt8CMW0mC8V9UQ==
                                        )

                                )

                        )

                    [status_code] => 400
                    [protocol_version] => 1.1
                    [success] => 
                    [redirects] => 0
                    [url] => https://ws.sandbox.pagseguro.uol.com.br/v2/transactions?email=paulohamdan@yahoo.com.br&token=A8FDA21056E344988493C3A71F8548B5
                    [history] => Array
                        (
                        )

                    [cookies] => Requests_Cookie_Jar Object
                        (
                            [cookies:protected] => Array
                                (
                                )

                        )

                )

            [filename:protected] => 
            [data] => 
            [headers] => 
            [status] => 
        )

)

08-11-2021 @ 10:44:58 - Requesting session ID...
08-11-2021 @ 10:44:59 - PagSeguro session is valid! The return is: SimpleXMLElement Object
(
    [id] => 3e87ee08f47040c39a52d02bdd2ec8c4
)

08-11-2021 @ 10:45:02 - Requesting session ID...
08-11-2021 @ 10:45:04 - PagSeguro session is valid! The return is: SimpleXMLElement Object
(
    [id] => 3eab05046e844cdc8d6394e637bdca8a
)

08-11-2021 @ 10:45:36 - Requesting direct payment for order 3869 with the following data: <?xml version="1.0" encoding="UTF-8" standalone="yes"?>
<payment>
  <mode>default</mode>
  <method>creditCard</method>
  <currency>BRL</currency>
  <notificationURL><![CDATA[http://localhost/Wordpress/Brasos/wc-api/WC_PagSeguro_Gateway/]]></notificationURL>
  <items>
    <item>
      <id>1</id>
      <description><![CDATA[Médicos Residentes]]></description>
      <amount>160.00</amount>
      <quantity>1</quantity>
    </item>
  </items>
  <reference><![CDATA[WC-3869]]></reference>
  <sender>
    <email><![CDATA[c50827929427530012794@sandbox.pagseguro.com.br]]></email>
    <documents>
      <document>
        <type>CPF</type>
        <value>35734165867</value>
      </document>
    </documents>
    <name><![CDATA[Claudio Marques]]></name>
    <phone>
      <areaCode>11</areaCode>
      <number>945859677</number>
    </phone>
    <hash>d8811be36d946fcf5c64a3d134b9efb35cce98333490646500e8b92f3de51552</hash>
  </sender>
  <shipping>
    <type>3</type>
    <cost>0</cost>
  </shipping>
  <creditCard>
    <token>76d71f8023d14d1bbbc14e05e08f2bfe</token>
    <installment>
      <quantity>1</quantity>
      <value>160.00</value>
    </installment>
    <holder>
      <name><![CDATA[Claudio Marques]]></name>
      <documents>
        <document>
          <type>CPF</type>
          <value>35734165867</value>
        </document>
      </documents>
      <birthDate>12/20/30</birthDate>
      <phone>
        <areaCode>11</areaCode>
        <number>945859677</number>
      </phone>
    </holder>
    <billingAddress>
      <street><![CDATA[]]></street>
      <city><![CDATA[]]></city>
      <state/>
      <country>BRA</country>
      <postalCode/>
    </billingAddress>
  </creditCard>
</payment>

08-11-2021 @ 10:45:38 - An error occurred while generating the PagSeguro direct payment: Array
(
    [headers] => Requests_Utility_CaseInsensitiveDictionary Object
        (
            [data:protected] => Array
                (
                    [content-type] => application/xml;charset=ISO-8859-1
                    [content-length] => 1328
                    [date] => Wed, 11 Aug 2021 13:45:38 GMT
                    [cache-control] => max-age=180
                    [expires] => Wed, 11 Aug 2021 13:48:37 GMT
                    [server] => Apache-Coyote/1.1
                    [vary] => Accept-Encoding,User-Agent
                    [x-cache] => Error from cloudfront
                    [via] => 1.1 d3bc2ab37b3781131b386d08b5c497b0.cloudfront.net (CloudFront)
                    [x-amz-cf-pop] => CDG50-C2
                    [x-amz-cf-id] => WGJWqrHilRyIldMFC1MOyi-Mb3sur9EJRTnL9HyO_qxoohmAFW8cFQ==
                )

        )

    [body] => <?xml version="1.0" encoding="ISO-8859-1" standalone="yes"?><errors><error><code>53029</code><message>shipping address district is required.</message></error><error><code>53024</code><message>shipping address street is required.</message></error><error><code>53026</code><message>shipping address number is required.</message></error><error><code>53022</code><message>shipping address postal code is required.</message></error><error><code>53031</code><message>shipping address city is required.</message></error><error><code>53035</code><message>shipping address country is required.</message></error><error><code>53033</code><message>shipping address state is required.</message></error><error><code>53060</code><message>billing address district is required.</message></error><error><code>53057</code><message>billing address number is required.</message></error><error><code>53055</code><message>billing address street is required.</message></error><error><code>53064</code><message>billing address state is required.</message></error><error><code>53062</code><message>billing address city is required.</message></error><error><code>53053</code><message>billing address postal code is required.</message></error><error><code>53048</code><message>credit card holder birthdate invalid value: 12/20/30</message></error></errors>
    [response] => Array
        (
            [code] => 400
            [message] => Bad Request
        )

    [cookies] => Array
        (
        )

    [filename] => 
    [http_response] => WP_HTTP_Requests_Response Object
        (
            [response:protected] => Requests_Response Object
                (
                    [body] => <?xml version="1.0" encoding="ISO-8859-1" standalone="yes"?><errors><error><code>53029</code><message>shipping address district is required.</message></error><error><code>53024</code><message>shipping address street is required.</message></error><error><code>53026</code><message>shipping address number is required.</message></error><error><code>53022</code><message>shipping address postal code is required.</message></error><error><code>53031</code><message>shipping address city is required.</message></error><error><code>53035</code><message>shipping address country is required.</message></error><error><code>53033</code><message>shipping address state is required.</message></error><error><code>53060</code><message>billing address district is required.</message></error><error><code>53057</code><message>billing address number is required.</message></error><error><code>53055</code><message>billing address street is required.</message></error><error><code>53064</code><message>billing address state is required.</message></error><error><code>53062</code><message>billing address city is required.</message></error><error><code>53053</code><message>billing address postal code is required.</message></error><error><code>53048</code><message>credit card holder birthdate invalid value: 12/20/30</message></error></errors>
                    [raw] => HTTP/1.1 400 Bad Request
Content-Type: application/xml;charset=ISO-8859-1
Content-Length: 1328
Connection: close
Date: Wed, 11 Aug 2021 13:45:38 GMT
Cache-Control: max-age=180
Expires: Wed, 11 Aug 2021 13:48:37 GMT
Server: Apache-Coyote/1.1
Vary: Accept-Encoding,User-Agent
X-Cache: Error from cloudfront
Via: 1.1 d3bc2ab37b3781131b386d08b5c497b0.cloudfront.net (CloudFront)
X-Amz-Cf-Pop: CDG50-C2
X-Amz-Cf-Id: WGJWqrHilRyIldMFC1MOyi-Mb3sur9EJRTnL9HyO_qxoohmAFW8cFQ==

<?xml version="1.0" encoding="ISO-8859-1" standalone="yes"?><errors><error><code>53029</code><message>shipping address district is required.</message></error><error><code>53024</code><message>shipping address street is required.</message></error><error><code>53026</code><message>shipping address number is required.</message></error><error><code>53022</code><message>shipping address postal code is required.</message></error><error><code>53031</code><message>shipping address city is required.</message></error><error><code>53035</code><message>shipping address country is required.</message></error><error><code>53033</code><message>shipping address state is required.</message></error><error><code>53060</code><message>billing address district is required.</message></error><error><code>53057</code><message>billing address number is required.</message></error><error><code>53055</code><message>billing address street is required.</message></error><error><code>53064</code><message>billing address state is required.</message></error><error><code>53062</code><message>billing address city is required.</message></error><error><code>53053</code><message>billing address postal code is required.</message></error><error><code>53048</code><message>credit card holder birthdate invalid value: 12/20/30</message></error></errors>
                    [headers] => Requests_Response_Headers Object
                        (
                            [data:protected] => Array
                                (
                                    [content-type] => Array
                                        (
                                            [0] => application/xml;charset=ISO-8859-1
                                        )

                                    [content-length] => Array
                                        (
                                            [0] => 1328
                                        )

                                    [date] => Array
                                        (
                                            [0] => Wed, 11 Aug 2021 13:45:38 GMT
                                        )

                                    [cache-control] => Array
                                        (
                                            [0] => max-age=180
                                        )

                                    [expires] => Array
                                        (
                                            [0] => Wed, 11 Aug 2021 13:48:37 GMT
                                        )

                                    [server] => Array
                                        (
                                            [0] => Apache-Coyote/1.1
                                        )

                                    [vary] => Array
                                        (
                                            [0] => Accept-Encoding,User-Agent
                                        )

                                    [x-cache] => Array
                                        (
                                            [0] => Error from cloudfront
                                        )

                                    [via] => Array
                                        (
                                            [0] => 1.1 d3bc2ab37b3781131b386d08b5c497b0.cloudfront.net (CloudFront)
                                        )

                                    [x-amz-cf-pop] => Array
                                        (
                                            [0] => CDG50-C2
                                        )

                                    [x-amz-cf-id] => Array
                                        (
                                            [0] => WGJWqrHilRyIldMFC1MOyi-Mb3sur9EJRTnL9HyO_qxoohmAFW8cFQ==
                                        )

                                )

                        )

                    [status_code] => 400
                    [protocol_version] => 1.1
                    [success] => 
                    [redirects] => 0
                    [url] => https://ws.sandbox.pagseguro.uol.com.br/v2/transactions?email=paulohamdan@yahoo.com.br&token=A8FDA21056E344988493C3A71F8548B5
                    [history] => Array
                        (
                        )

                    [cookies] => Requests_Cookie_Jar Object
                        (
                            [cookies:protected] => Array
                                (
                                )

                        )

                )

            [filename:protected] => 
            [data] => 
            [headers] => 
            [status] => 
        )

)

