06-28-2021 @ 04:28:38 - Requesting session ID...
06-28-2021 @ 04:28:40 - PagSeguro session is valid! The return is: SimpleXMLElement Object
(
    [id] => d60d8cf8829c42f9990e561a5a5f93e8
)

06-28-2021 @ 04:29:12 - Requesting session ID...
06-28-2021 @ 04:29:13 - PagSeguro session is valid! The return is: SimpleXMLElement Object
(
    [id] => ef931b0140f1476fb80cf73018d3ef49
)

06-28-2021 @ 04:29:39 - Requesting session ID...
06-28-2021 @ 04:29:40 - PagSeguro session is valid! The return is: SimpleXMLElement Object
(
    [id] => b66311a119f0475489b6bd2fabb32eda
)

06-28-2021 @ 04:29:57 - Requesting session ID...
06-28-2021 @ 04:29:58 - PagSeguro session is valid! The return is: SimpleXMLElement Object
(
    [id] => 24c56c82b7a64f889dc01c2dc923d935
)

06-28-2021 @ 04:30:06 - Requesting session ID...
06-28-2021 @ 04:30:06 - PagSeguro session is valid! The return is: SimpleXMLElement Object
(
    [id] => 69b5f309dadb4e2297f0468e01865618
)

06-28-2021 @ 04:30:25 - Requesting session ID...
06-28-2021 @ 04:30:26 - PagSeguro session is valid! The return is: SimpleXMLElement Object
(
    [id] => 1ee57154f92e4ba5b11cb37bf8ad3e6b
)

06-28-2021 @ 04:30:53 - Requesting session ID...
06-28-2021 @ 04:30:54 - PagSeguro session is valid! The return is: SimpleXMLElement Object
(
    [id] => 79e7a1b49b6747d586ca2a9dc0bcd7bd
)

06-28-2021 @ 04:32:10 - Requesting session ID...
06-28-2021 @ 04:32:12 - PagSeguro session is valid! The return is: SimpleXMLElement Object
(
    [id] => 4dd35cfc531d489aa526a04b1b135cc4
)

06-28-2021 @ 04:32:32 - Requesting session ID...
06-28-2021 @ 04:32:33 - PagSeguro session is valid! The return is: SimpleXMLElement Object
(
    [id] => aa591153b06d45b6a0330f5224b560d1
)

06-28-2021 @ 04:42:15 - Requesting session ID...
06-28-2021 @ 04:42:16 - PagSeguro session is valid! The return is: SimpleXMLElement Object
(
    [id] => 5aa9d56f7fa6483698136f975ac1cb1f
)

06-28-2021 @ 04:52:08 - Requesting session ID...
06-28-2021 @ 04:52:09 - PagSeguro session is valid! The return is: SimpleXMLElement Object
(
    [id] => 04b3327d0afc498080d2a02a1b10c584
)

06-28-2021 @ 04:53:49 - Requesting session ID...
06-28-2021 @ 04:53:50 - PagSeguro session is valid! The return is: SimpleXMLElement Object
(
    [id] => 7e05a47cdfac4c3aac852f8cbb6e8e37
)

06-28-2021 @ 05:01:53 - Requesting session ID...
06-28-2021 @ 05:01:54 - PagSeguro session is valid! The return is: SimpleXMLElement Object
(
    [id] => 5dbd7e0b27ba460e85ad0be5fabbb178
)

06-28-2021 @ 05:04:08 - Requesting session ID...
06-28-2021 @ 05:04:09 - PagSeguro session is valid! The return is: SimpleXMLElement Object
(
    [id] => f11f5938792f4a4f928bffa9ebcbbb3c
)

06-28-2021 @ 05:09:26 - Requesting session ID...
06-28-2021 @ 05:09:27 - PagSeguro session is valid! The return is: SimpleXMLElement Object
(
    [id] => e8d3311b52494ba4b71f0b94a0637bc6
)

06-28-2021 @ 05:27:33 - Requesting session ID...
06-28-2021 @ 05:27:34 - PagSeguro session is valid! The return is: SimpleXMLElement Object
(
    [id] => be372200bad94fa485c5b84d18b4c635
)

06-28-2021 @ 05:27:54 - Requesting session ID...
06-28-2021 @ 05:27:55 - PagSeguro session is valid! The return is: SimpleXMLElement Object
(
    [id] => c0395f8915194d68be8d5a9b2b4467b3
)

06-28-2021 @ 05:28:09 - Requesting session ID...
06-28-2021 @ 05:28:10 - PagSeguro session is valid! The return is: SimpleXMLElement Object
(
    [id] => fa29ca214c4148ecaafc09a7d4239f62
)

06-28-2021 @ 05:28:22 - Requesting session ID...
06-28-2021 @ 05:28:22 - PagSeguro session is valid! The return is: SimpleXMLElement Object
(
    [id] => 904b54d088684f81bb0aac4fc8dd2822
)

06-28-2021 @ 05:28:29 - Requesting session ID...
06-28-2021 @ 05:28:30 - PagSeguro session is valid! The return is: SimpleXMLElement Object
(
    [id] => 6d77500a654a44f1ba176ba0a5411475
)

06-28-2021 @ 05:31:10 - Requesting session ID...
06-28-2021 @ 05:31:11 - PagSeguro session is valid! The return is: SimpleXMLElement Object
(
    [id] => 57d90163dc0c4a36a82bda91abf3ce2b
)

06-28-2021 @ 05:31:21 - Requesting session ID...
06-28-2021 @ 05:31:22 - PagSeguro session is valid! The return is: SimpleXMLElement Object
(
    [id] => fc07152f0a29404abf4494afc348e04c
)

06-28-2021 @ 05:34:29 - Requesting session ID...
06-28-2021 @ 05:34:30 - PagSeguro session is valid! The return is: SimpleXMLElement Object
(
    [id] => 3601b0b18c19492690ce4fa92cf74ebf
)

06-28-2021 @ 06:14:27 - Requesting session ID...
06-28-2021 @ 06:14:28 - PagSeguro session is valid! The return is: SimpleXMLElement Object
(
    [id] => 1cabc3ec9b9045fcba3f6d103c90cc93
)

06-28-2021 @ 06:14:43 - Requesting session ID...
06-28-2021 @ 06:14:44 - PagSeguro session is valid! The return is: SimpleXMLElement Object
(
    [id] => 2303d22d996141ec939753a1c8321e51
)

06-28-2021 @ 06:14:57 - Requesting session ID...
06-28-2021 @ 06:14:58 - PagSeguro session is valid! The return is: SimpleXMLElement Object
(
    [id] => b753e2cb047442c1990f134989270b6f
)

06-28-2021 @ 06:15:09 - Requesting session ID...
06-28-2021 @ 06:15:09 - PagSeguro session is valid! The return is: SimpleXMLElement Object
(
    [id] => 9501fac90e4b4040a1ea12b5f7eabc75
)

06-28-2021 @ 06:16:17 - Requesting session ID...
06-28-2021 @ 06:16:18 - PagSeguro session is valid! The return is: SimpleXMLElement Object
(
    [id] => 5e2379ad39394d61a99cd2911ed5b3d3
)

06-28-2021 @ 06:18:09 - Requesting session ID...
06-28-2021 @ 06:18:10 - PagSeguro session is valid! The return is: SimpleXMLElement Object
(
    [id] => 8a997e9a76a240ec953dc09aecbf952c
)

06-28-2021 @ 06:21:01 - Requesting session ID...
06-28-2021 @ 06:21:03 - PagSeguro session is valid! The return is: SimpleXMLElement Object
(
    [id] => 2635612f61ac476c8faa170373ec52cc
)

06-28-2021 @ 06:21:10 - Requesting session ID...
06-28-2021 @ 06:21:11 - PagSeguro session is valid! The return is: SimpleXMLElement Object
(
    [id] => 82dde8c083294485a8998e0ec6bf101b
)

06-28-2021 @ 06:22:23 - Requesting session ID...
06-28-2021 @ 06:22:25 - PagSeguro session is valid! The return is: SimpleXMLElement Object
(
    [id] => 0597841e7fc44488b51a8a762e313d2f
)

06-28-2021 @ 07:08:01 - Requesting session ID...
06-28-2021 @ 07:08:02 - PagSeguro session is valid! The return is: SimpleXMLElement Object
(
    [id] => f435b470573648cc9c43f4a9d5fe68d5
)

06-28-2021 @ 07:08:48 - Requesting session ID...
06-28-2021 @ 07:08:49 - PagSeguro session is valid! The return is: SimpleXMLElement Object
(
    [id] => 6d976057d945443f99e31a48f6c1b1db
)

06-28-2021 @ 07:09:06 - Requesting session ID...
06-28-2021 @ 07:09:07 - PagSeguro session is valid! The return is: SimpleXMLElement Object
(
    [id] => 8c07c3d0b7f541d984ef91ba91a1f824
)

