07-06-2021 @ 13:26:25 - Requesting session ID...
07-06-2021 @ 13:26:27 - PagSeguro session is valid! The return is: SimpleXMLElement Object
(
    [id] => abd3b0f27df74e06a8573c3c32e26080
)

07-06-2021 @ 13:46:34 - Requesting session ID...
07-06-2021 @ 13:46:35 - PagSeguro session is valid! The return is: SimpleXMLElement Object
(
    [id] => 1ddb52d550804985ad0771f3a7a88c13
)

07-06-2021 @ 13:46:52 - Requesting direct payment for order 3758 with the following data: <?xml version="1.0" encoding="UTF-8" standalone="yes"?>
<payment>
  <mode>default</mode>
  <method>eft</method>
  <currency>BRL</currency>
  <notificationURL><![CDATA[http://localhost/Wordpress/Brasos/wc-api/WC_PagSeguro_Gateway/]]></notificationURL>
  <items>
    <item>
      <id>1</id>
      <description><![CDATA[Alunos de Medicina e outras áreas da saúde]]></description>
      <amount>105.00</amount>
      <quantity>3</quantity>
    </item>
  </items>
  <reference><![CDATA[WC-3758]]></reference>
  <sender>
    <email><![CDATA[helio-cruz@hotmail.com]]></email>
    <documents>
      <document>
        <type>CPF</type>
        <value>35734165867</value>
      </document>
    </documents>
    <name><![CDATA[Claire Lavigne]]></name>
    <phone>
      <areaCode>11</areaCode>
      <number>945859677</number>
    </phone>
    <hash>8b37a49b2ccd7ba6d2d2d1978451e0f982d7af2408b0ff1f9b364616e741bfa1</hash>
  </sender>
  <shipping>
    <type>3</type>
    <address>
      <street><![CDATA[Rua Dolomita]]></street>
      <number>350</number>
      <district><![CDATA[Gonzaga]]></district>
      <postalCode>09990730</postalCode>
      <city><![CDATA[Diadema]]></city>
      <state>SP</state>
      <country>BRA</country>
    </address>
    <cost>0</cost>
  </shipping>
  <bank>
    <name>bradesco</name>
  </bank>
</payment>

07-06-2021 @ 13:46:53 - An error occurred while generating the PagSeguro direct payment: Array
(
    [headers] => Requests_Utility_CaseInsensitiveDictionary Object
        (
            [data:protected] => Array
                (
                    [content-type] => application/xml;charset=ISO-8859-1
                    [content-length] => 229
                    [date] => Tue, 06 Jul 2021 16:46:52 GMT
                    [cache-control] => max-age=180
                    [expires] => Tue, 06 Jul 2021 16:49:52 GMT
                    [server] => Apache-Coyote/1.1
                    [vary] => Accept-Encoding,User-Agent
                    [x-cache] => Error from cloudfront
                    [via] => 1.1 819cd2dd67161d301a9388e0baebb3e5.cloudfront.net (CloudFront)
                    [x-amz-cf-pop] => CDG50-P2
                    [x-amz-cf-id] => bit5AVeuDXJhWZMn3AHHQ53LhnKxONzNHErjlBF9XFO_lTImWx1OMQ==
                )

        )

    [body] => <?xml version="1.0" encoding="ISO-8859-1" standalone="yes"?><errors><error><code>53122</code><message>sender email invalid domain: helio-cruz@hotmail.com. You must use an email @sandbox.pagseguro.com.br</message></error></errors>
    [response] => Array
        (
            [code] => 400
            [message] => Bad Request
        )

    [cookies] => Array
        (
        )

    [filename] => 
    [http_response] => WP_HTTP_Requests_Response Object
        (
            [response:protected] => Requests_Response Object
                (
                    [body] => <?xml version="1.0" encoding="ISO-8859-1" standalone="yes"?><errors><error><code>53122</code><message>sender email invalid domain: helio-cruz@hotmail.com. You must use an email @sandbox.pagseguro.com.br</message></error></errors>
                    [raw] => HTTP/1.1 400 Bad Request
Content-Type: application/xml;charset=ISO-8859-1
Content-Length: 229
Connection: close
Date: Tue, 06 Jul 2021 16:46:52 GMT
Cache-Control: max-age=180
Expires: Tue, 06 Jul 2021 16:49:52 GMT
Server: Apache-Coyote/1.1
Vary: Accept-Encoding,User-Agent
X-Cache: Error from cloudfront
Via: 1.1 819cd2dd67161d301a9388e0baebb3e5.cloudfront.net (CloudFront)
X-Amz-Cf-Pop: CDG50-P2
X-Amz-Cf-Id: bit5AVeuDXJhWZMn3AHHQ53LhnKxONzNHErjlBF9XFO_lTImWx1OMQ==

<?xml version="1.0" encoding="ISO-8859-1" standalone="yes"?><errors><error><code>53122</code><message>sender email invalid domain: helio-cruz@hotmail.com. You must use an email @sandbox.pagseguro.com.br</message></error></errors>
                    [headers] => Requests_Response_Headers Object
                        (
                            [data:protected] => Array
                                (
                                    [content-type] => Array
                                        (
                                            [0] => application/xml;charset=ISO-8859-1
                                        )

                                    [content-length] => Array
                                        (
                                            [0] => 229
                                        )

                                    [date] => Array
                                        (
                                            [0] => Tue, 06 Jul 2021 16:46:52 GMT
                                        )

                                    [cache-control] => Array
                                        (
                                            [0] => max-age=180
                                        )

                                    [expires] => Array
                                        (
                                            [0] => Tue, 06 Jul 2021 16:49:52 GMT
                                        )

                                    [server] => Array
                                        (
                                            [0] => Apache-Coyote/1.1
                                        )

                                    [vary] => Array
                                        (
                                            [0] => Accept-Encoding,User-Agent
                                        )

                                    [x-cache] => Array
                                        (
                                            [0] => Error from cloudfront
                                        )

                                    [via] => Array
                                        (
                                            [0] => 1.1 819cd2dd67161d301a9388e0baebb3e5.cloudfront.net (CloudFront)
                                        )

                                    [x-amz-cf-pop] => Array
                                        (
                                            [0] => CDG50-P2
                                        )

                                    [x-amz-cf-id] => Array
                                        (
                                            [0] => bit5AVeuDXJhWZMn3AHHQ53LhnKxONzNHErjlBF9XFO_lTImWx1OMQ==
                                        )

                                )

                        )

                    [status_code] => 400
                    [protocol_version] => 1.1
                    [success] => 
                    [redirects] => 0
                    [url] => https://ws.sandbox.pagseguro.uol.com.br/v2/transactions?email=paulohamdan@yahoo.com.br&token=A8FDA21056E344988493C3A71F8548B5
                    [history] => Array
                        (
                        )

                    [cookies] => Requests_Cookie_Jar Object
                        (
                            [cookies:protected] => Array
                                (
                                )

                        )

                )

            [filename:protected] => 
            [data] => 
            [headers] => 
            [status] => 
        )

)

07-06-2021 @ 13:49:08 - Requesting direct payment for order 3758 with the following data: <?xml version="1.0" encoding="UTF-8" standalone="yes"?>
<payment>
  <mode>default</mode>
  <method>eft</method>
  <currency>BRL</currency>
  <notificationURL><![CDATA[http://localhost/Wordpress/Brasos/wc-api/WC_PagSeguro_Gateway/]]></notificationURL>
  <items>
    <item>
      <id>1</id>
      <description><![CDATA[Alunos de Medicina e outras áreas da saúde]]></description>
      <amount>105.00</amount>
      <quantity>3</quantity>
    </item>
  </items>
  <reference><![CDATA[WC-3758]]></reference>
  <sender>
    <email><![CDATA[c50827929427530012794@sandbox.pagseguro.com.br]]></email>
    <documents>
      <document>
        <type>CPF</type>
        <value>35734165867</value>
      </document>
    </documents>
    <name><![CDATA[Claire Lavigne]]></name>
    <phone>
      <areaCode>11</areaCode>
      <number>945859677</number>
    </phone>
    <hash>8b37a49b2ccd7ba6d2d2d1978451e0f982d7af2408b0ff1f9b364616e741bfa1</hash>
  </sender>
  <shipping>
    <type>3</type>
    <address>
      <street><![CDATA[Rua Dolomita]]></street>
      <number>350</number>
      <district><![CDATA[Gonzaga]]></district>
      <postalCode>09990730</postalCode>
      <city><![CDATA[Diadema]]></city>
      <state>SP</state>
      <country>BRA</country>
    </address>
    <cost>0</cost>
  </shipping>
  <bank>
    <name>bradesco</name>
  </bank>
</payment>

07-06-2021 @ 13:49:11 - PagSeguro direct payment created successfully!
07-06-2021 @ 13:49:11 - PagSeguro payment status for order 3758 is: 1
