11-10-2021 @ 07:15:40 - Requesting session ID...
11-10-2021 @ 07:15:42 - PagSeguro session is valid! The return is: SimpleXMLElement Object
(
    [id] => 216776e6e7734754a645ce73803555dd
)

11-10-2021 @ 10:52:26 - Requesting session ID...
11-10-2021 @ 10:52:27 - PagSeguro session is valid! The return is: SimpleXMLElement Object
(
    [id] => 6ca319b7752b43d3921d75ed6bce5b6b
)

11-10-2021 @ 10:52:37 - Requesting session ID...
11-10-2021 @ 10:52:38 - PagSeguro session is valid! The return is: SimpleXMLElement Object
(
    [id] => ec1d461fec804b29b2df353e13d1f673
)

11-10-2021 @ 11:13:02 - Requesting session ID...
11-10-2021 @ 11:13:04 - PagSeguro session is valid! The return is: SimpleXMLElement Object
(
    [id] => 85378d7b5ceb4f0b9049e40b70294642
)

11-10-2021 @ 12:07:48 - Requesting session ID...
11-10-2021 @ 12:07:49 - PagSeguro session is valid! The return is: SimpleXMLElement Object
(
    [id] => e6cd76bae87e4ecda5610c97f1c76871
)

